{"C:\\Users\\tbrei\\Documents\\Studium\\Projekt\\newBack\\geo-pick-points-backend\\src\\app.ts": {"path":"C:\\Users\\tbrei\\Documents\\Studium\\Projekt\\newBack\\geo-pick-points-backend\\src\\app.ts","statementMap":{"0":{"start":{"line":1,"column":0},"end":{"line":1,"column":67}},"1":{"start":{"line":2,"column":0},"end":{"line":2,"column":30}},"2":{"start":{"line":4,"column":0},"end":{"line":4,"column":44}},"3":{"start":{"line":5,"column":0},"end":{"line":5,"column":40}},"4":{"start":{"line":6,"column":0},"end":{"line":6,"column":43}},"5":{"start":{"line":7,"column":0},"end":{"line":7,"column":56}},"6":{"start":{"line":8,"column":0},"end":{"line":8,"column":43}},"7":{"start":{"line":9,"column":0},"end":{"line":9,"column":50}},"8":{"start":{"line":10,"column":0},"end":{"line":10,"column":41}},"9":{"start":{"line":11,"column":0},"end":{"line":11,"column":45}},"10":{"start":{"line":12,"column":0},"end":{"line":12,"column":38}},"11":{"start":{"line":15,"column":0},"end":{"line":15,"column":24}},"12":{"start":{"line":16,"column":0},"end":{"line":16,"column":69}},"13":{"start":{"line":18,"column":12},"end":{"line":18,"column":21}},"14":{"start":{"line":19,"column":0},"end":{"line":19,"column":16}},"15":{"start":{"line":20,"column":0},"end":{"line":20,"column":24}},"16":{"start":{"line":21,"column":0},"end":{"line":21,"column":24}},"17":{"start":{"line":23,"column":0},"end":{"line":23,"column":16}},"18":{"start":{"line":26,"column":0},"end":{"line":36,"column":3}},"19":{"start":{"line":28,"column":2},"end":{"line":28,"column":46}},"20":{"start":{"line":29,"column":2},"end":{"line":32,"column":4}},"21":{"start":{"line":33,"column":2},"end":{"line":33,"column":60}},"22":{"start":{"line":34,"column":2},"end":{"line":34,"column":54}},"23":{"start":{"line":35,"column":2},"end":{"line":35,"column":9}},"24":{"start":{"line":39,"column":0},"end":{"line":41,"column":3}},"25":{"start":{"line":40,"column":2},"end":{"line":40,"column":37}},"26":{"start":{"line":44,"column":0},"end":{"line":44,"column":37}},"27":{"start":{"line":45,"column":0},"end":{"line":45,"column":33}},"28":{"start":{"line":46,"column":0},"end":{"line":46,"column":49}},"29":{"start":{"line":47,"column":0},"end":{"line":47,"column":33}},"30":{"start":{"line":48,"column":0},"end":{"line":48,"column":33}},"31":{"start":{"line":49,"column":0},"end":{"line":49,"column":39}},"32":{"start":{"line":50,"column":0},"end":{"line":50,"column":35}},"33":{"start":{"line":51,"column":0},"end":{"line":51,"column":31}},"34":{"start":{"line":52,"column":0},"end":{"line":52,"column":51}},"35":{"start":{"line":55,"column":0},"end":{"line":55,"column":19}}},"fnMap":{"0":{"name":"(anonymous_1)","decl":{"start":{"line":26,"column":8},"end":{"line":26,"column":9}},"loc":{"start":{"line":26,"column":60},"end":{"line":36,"column":1}}},"1":{"name":"(anonymous_2)","decl":{"start":{"line":39,"column":13},"end":{"line":39,"column":14}},"loc":{"start":{"line":39,"column":45},"end":{"line":41,"column":1}}}},"branchMap":{},"s":{"0":7,"1":7,"2":7,"3":7,"4":7,"5":7,"6":7,"7":7,"8":7,"9":7,"10":7,"11":7,"12":7,"13":7,"14":7,"15":7,"16":7,"17":7,"18":7,"19":19,"20":19,"21":19,"22":19,"23":19,"24":7,"25":0,"26":7,"27":7,"28":7,"29":7,"30":7,"31":7,"32":7,"33":7,"34":7,"35":7},"f":{"0":19,"1":0},"b":{}}
,"C:\\Users\\tbrei\\Documents\\Studium\\Projekt\\newBack\\geo-pick-points-backend\\src\\index.ts": {"path":"C:\\Users\\tbrei\\Documents\\Studium\\Projekt\\newBack\\geo-pick-points-backend\\src\\index.ts","statementMap":{"0":{"start":{"line":1,"column":0},"end":{"line":1,"column":28}},"1":{"start":{"line":2,"column":0},"end":{"line":2,"column":16}},"2":{"start":{"line":4,"column":0},"end":{"line":4,"column":24}},"3":{"start":{"line":5,"column":0},"end":{"line":5,"column":32}},"4":{"start":{"line":6,"column":0},"end":{"line":6,"column":24}},"5":{"start":{"line":9,"column":0},"end":{"line":9,"column":33}},"6":{"start":{"line":10,"column":0},"end":{"line":10,"column":54}},"7":{"start":{"line":11,"column":0},"end":{"line":11,"column":51}},"8":{"start":{"line":12,"column":0},"end":{"line":12,"column":48}},"9":{"start":{"line":17,"column":36},"end":{"line":17,"column":190}},"10":{"start":{"line":18,"column":36},"end":{"line":18,"column":190}},"11":{"start":{"line":19,"column":36},"end":{"line":19,"column":192}},"12":{"start":{"line":20,"column":36},"end":{"line":20,"column":197}},"13":{"start":{"line":21,"column":36},"end":{"line":21,"column":181}},"14":{"start":{"line":22,"column":36},"end":{"line":22,"column":203}},"15":{"start":{"line":23,"column":36},"end":{"line":23,"column":217}},"16":{"start":{"line":24,"column":36},"end":{"line":24,"column":187}},"17":{"start":{"line":26,"column":33},"end":{"line":26,"column":129}},"18":{"start":{"line":27,"column":33},"end":{"line":27,"column":170}},"19":{"start":{"line":28,"column":33},"end":{"line":28,"column":121}},"20":{"start":{"line":29,"column":33},"end":{"line":29,"column":162}},"21":{"start":{"line":30,"column":33},"end":{"line":30,"column":148}},"22":{"start":{"line":32,"column":31},"end":{"line":32,"column":69}},"23":{"start":{"line":33,"column":31},"end":{"line":33,"column":69}},"24":{"start":{"line":34,"column":31},"end":{"line":34,"column":69}},"25":{"start":{"line":35,"column":31},"end":{"line":35,"column":69}},"26":{"start":{"line":36,"column":31},"end":{"line":36,"column":69}},"27":{"start":{"line":37,"column":31},"end":{"line":37,"column":69}},"28":{"start":{"line":38,"column":31},"end":{"line":38,"column":69}},"29":{"start":{"line":39,"column":31},"end":{"line":39,"column":69}},"30":{"start":{"line":41,"column":28},"end":{"line":41,"column":63}},"31":{"start":{"line":42,"column":28},"end":{"line":42,"column":63}},"32":{"start":{"line":43,"column":28},"end":{"line":43,"column":63}},"33":{"start":{"line":44,"column":28},"end":{"line":44,"column":63}},"34":{"start":{"line":45,"column":28},"end":{"line":45,"column":63}},"35":{"start":{"line":47,"column":35},"end":{"line":68,"column":6}},"36":{"start":{"line":69,"column":4},"end":{"line":69,"column":null}},"37":{"start":{"line":72,"column":32},"end":{"line":72,"column":41}},"38":{"start":{"line":75,"column":21},"end":{"line":75,"column":41}},"39":{"start":{"line":76,"column":4},"end":{"line":80,"column":7}},"40":{"start":{"line":77,"column":8},"end":{"line":79,"column":9}},"41":{"start":{"line":78,"column":12},"end":{"line":78,"column":34}},"42":{"start":{"line":84,"column":4},"end":{"line":84,"column":49}},"43":{"start":{"line":85,"column":4},"end":{"line":85,"column":53}},"44":{"start":{"line":86,"column":4},"end":{"line":86,"column":55}},"45":{"start":{"line":88,"column":20},"end":{"line":88,"column":28}},"46":{"start":{"line":89,"column":4},"end":{"line":92,"column":5}},"47":{"start":{"line":90,"column":8},"end":{"line":90,"column":38}},"48":{"start":{"line":91,"column":8},"end":{"line":91,"column":24}},"49":{"start":{"line":94,"column":4},"end":{"line":99,"column":5}},"50":{"start":{"line":95,"column":8},"end":{"line":95,"column":48}},"51":{"start":{"line":96,"column":20},"end":{"line":96,"column":57}},"52":{"start":{"line":97,"column":22},"end":{"line":97,"column":58}},"53":{"start":{"line":98,"column":8},"end":{"line":98,"column":35}},"54":{"start":{"line":101,"column":4},"end":{"line":101,"column":58}},"55":{"start":{"line":102,"column":4},"end":{"line":102,"column":38}},"56":{"start":{"line":104,"column":4},"end":{"line":104,"column":30}},"57":{"start":{"line":106,"column":21},"end":{"line":106,"column":83}},"58":{"start":{"line":107,"column":23},"end":{"line":107,"column":45}},"59":{"start":{"line":109,"column":16},"end":{"line":109,"column":59}},"60":{"start":{"line":111,"column":4},"end":{"line":161,"column":9}},"61":{"start":{"line":112,"column":8},"end":{"line":112,"column":61}},"62":{"start":{"line":113,"column":8},"end":{"line":113,"column":24}},"63":{"start":{"line":115,"column":8},"end":{"line":155,"column":11}},"64":{"start":{"line":116,"column":10},"end":{"line":154,"column":11}},"65":{"start":{"line":117,"column":12},"end":{"line":117,"column":60}},"66":{"start":{"line":118,"column":25},"end":{"line":118,"column":55}},"67":{"start":{"line":119,"column":12},"end":{"line":119,"column":50}},"68":{"start":{"line":121,"column":12},"end":{"line":151,"column":13}},"69":{"start":{"line":122,"column":14},"end":{"line":122,"column":86}},"70":{"start":{"line":123,"column":14},"end":{"line":128,"column":17}},"71":{"start":{"line":129,"column":19},"end":{"line":151,"column":13}},"72":{"start":{"line":130,"column":14},"end":{"line":130,"column":84}},"73":{"start":{"line":131,"column":14},"end":{"line":136,"column":17}},"74":{"start":{"line":137,"column":19},"end":{"line":151,"column":13}},"75":{"start":{"line":138,"column":14},"end":{"line":142,"column":17}},"76":{"start":{"line":143,"column":18},"end":{"line":151,"column":13}},"77":{"start":{"line":144,"column":14},"end":{"line":146,"column":17}},"78":{"start":{"line":147,"column":19},"end":{"line":151,"column":13}},"79":{"start":{"line":148,"column":14},"end":{"line":150,"column":null}},"80":{"start":{"line":153,"column":12},"end":{"line":153,"column":75}},"81":{"start":{"line":157,"column":8},"end":{"line":160,"column":11}},"82":{"start":{"line":158,"column":10},"end":{"line":158,"column":69}},"83":{"start":{"line":159,"column":10},"end":{"line":159,"column":29}},"84":{"start":{"line":167,"column":8},"end":{"line":169,"column":11}},"85":{"start":{"line":168,"column":12},"end":{"line":168,"column":79}},"86":{"start":{"line":172,"column":4},"end":{"line":182,"column":7}},"87":{"start":{"line":173,"column":8},"end":{"line":181,"column":9}},"88":{"start":{"line":174,"column":12},"end":{"line":174,"column":57}},"89":{"start":{"line":175,"column":12},"end":{"line":178,"column":21}},"90":{"start":{"line":176,"column":16},"end":{"line":176,"column":35}},"91":{"start":{"line":177,"column":16},"end":{"line":177,"column":34}},"92":{"start":{"line":180,"column":12},"end":{"line":180,"column":58}},"93":{"start":{"line":184,"column":4},"end":{"line":184,"column":22}},"94":{"start":{"line":186,"column":4},"end":{"line":192,"column":7}},"95":{"start":{"line":187,"column":8},"end":{"line":187,"column":69}},"96":{"start":{"line":188,"column":8},"end":{"line":191,"column":11}},"97":{"start":{"line":189,"column":12},"end":{"line":189,"column":43}},"98":{"start":{"line":190,"column":12},"end":{"line":190,"column":28}},"99":{"start":{"line":195,"column":0},"end":{"line":195,"column":8}}},"fnMap":{"0":{"name":"createExampleGame","decl":{"start":{"line":16,"column":15},"end":{"line":16,"column":32}},"loc":{"start":{"line":16,"column":32},"end":{"line":70,"column":null}}},"1":{"name":"broadcast","decl":{"start":{"line":74,"column":9},"end":{"line":74,"column":18}},"loc":{"start":{"line":74,"column":28},"end":{"line":81,"column":1}}},"2":{"name":"(anonymous_17)","decl":{"start":{"line":76,"column":20},"end":{"line":76,"column":21}},"loc":{"start":{"line":76,"column":31},"end":{"line":80,"column":5}}},"3":{"name":"setup","decl":{"start":{"line":83,"column":15},"end":{"line":83,"column":20}},"loc":{"start":{"line":83,"column":20},"end":{"line":193,"column":null}}},"4":{"name":"(anonymous_20)","decl":{"start":{"line":96,"column":20},"end":{"line":96,"column":33}},"loc":{"start":{"line":96,"column":20},"end":{"line":96,"column":57}}},"5":{"name":"(anonymous_21)","decl":{"start":{"line":111,"column":25},"end":{"line":111,"column":26}},"loc":{"start":{"line":111,"column":43},"end":{"line":161,"column":7}}},"6":{"name":"(anonymous_22)","decl":{"start":{"line":115,"column":25},"end":{"line":115,"column":26}},"loc":{"start":{"line":115,"column":37},"end":{"line":155,"column":9}}},"7":{"name":"(anonymous_23)","decl":{"start":{"line":157,"column":23},"end":{"line":157,"column":26}},"loc":{"start":{"line":157,"column":28},"end":{"line":160,"column":9}}},"8":{"name":"startHttpServer","decl":{"start":{"line":166,"column":13},"end":{"line":166,"column":28}},"loc":{"start":{"line":166,"column":28},"end":{"line":170,"column":5}}},"9":{"name":"(anonymous_25)","decl":{"start":{"line":167,"column":36},"end":{"line":167,"column":39}},"loc":{"start":{"line":167,"column":41},"end":{"line":169,"column":9}}},"10":{"name":"(anonymous_26)","decl":{"start":{"line":172,"column":27},"end":{"line":172,"column":28}},"loc":{"start":{"line":172,"column":35},"end":{"line":182,"column":5}}},"11":{"name":"(anonymous_27)","decl":{"start":{"line":175,"column":23},"end":{"line":175,"column":26}},"loc":{"start":{"line":175,"column":28},"end":{"line":178,"column":13}}},"12":{"name":"(anonymous_28)","decl":{"start":{"line":186,"column":25},"end":{"line":186,"column":28}},"loc":{"start":{"line":186,"column":30},"end":{"line":192,"column":5}}},"13":{"name":"(anonymous_29)","decl":{"start":{"line":188,"column":25},"end":{"line":188,"column":28}},"loc":{"start":{"line":188,"column":30},"end":{"line":191,"column":9}}}},"branchMap":{"0":{"loc":{"start":{"line":77,"column":8},"end":{"line":79,"column":9}},"type":"if","locations":[{"start":{"line":77,"column":8},"end":{"line":79,"column":9}}]},"1":{"loc":{"start":{"line":89,"column":4},"end":{"line":92,"column":5}},"type":"if","locations":[{"start":{"line":89,"column":4},"end":{"line":92,"column":5}}]},"2":{"loc":{"start":{"line":94,"column":4},"end":{"line":99,"column":5}},"type":"if","locations":[{"start":{"line":94,"column":4},"end":{"line":99,"column":5}}]},"3":{"loc":{"start":{"line":106,"column":21},"end":{"line":106,"column":83}},"type":"cond-expr","locations":[{"start":{"line":106,"column":45},"end":{"line":106,"column":76}},{"start":{"line":106,"column":79},"end":{"line":106,"column":83}}]},"4":{"loc":{"start":{"line":121,"column":12},"end":{"line":151,"column":13}},"type":"if","locations":[{"start":{"line":121,"column":12},"end":{"line":151,"column":13}},{"start":{"line":129,"column":19},"end":{"line":151,"column":13}}]},"5":{"loc":{"start":{"line":129,"column":19},"end":{"line":151,"column":13}},"type":"if","locations":[{"start":{"line":129,"column":19},"end":{"line":151,"column":13}},{"start":{"line":137,"column":19},"end":{"line":151,"column":13}}]},"6":{"loc":{"start":{"line":137,"column":19},"end":{"line":151,"column":13}},"type":"if","locations":[{"start":{"line":137,"column":19},"end":{"line":151,"column":13}},{"start":{"line":143,"column":18},"end":{"line":151,"column":13}}]},"7":{"loc":{"start":{"line":143,"column":18},"end":{"line":151,"column":13}},"type":"if","locations":[{"start":{"line":143,"column":18},"end":{"line":151,"column":13}},{"start":{"line":147,"column":19},"end":{"line":151,"column":13}}]},"8":{"loc":{"start":{"line":147,"column":19},"end":{"line":151,"column":13}},"type":"if","locations":[{"start":{"line":147,"column":19},"end":{"line":151,"column":13}}]},"9":{"loc":{"start":{"line":173,"column":8},"end":{"line":181,"column":9}},"type":"if","locations":[{"start":{"line":173,"column":8},"end":{"line":181,"column":9}},{"start":{"line":179,"column":15},"end":{"line":181,"column":9}}]},"10":{"loc":{"start":{"line":173,"column":12},"end":{"line":173,"column":70}},"type":"binary-expr","locations":[{"start":{"line":173,"column":12},"end":{"line":173,"column":32}},{"start":{"line":173,"column":37},"end":{"line":173,"column":70}}]}},"s":{"0":0,"1":0,"2":0,"3":0,"4":0,"5":0,"6":0,"7":0,"8":0,"9":0,"10":0,"11":0,"12":0,"13":0,"14":0,"15":0,"16":0,"17":0,"18":0,"19":0,"20":0,"21":0,"22":0,"23":0,"24":0,"25":0,"26":0,"27":0,"28":0,"29":0,"30":0,"31":0,"32":0,"33":0,"34":0,"35":0,"36":0,"37":0,"38":0,"39":0,"40":0,"41":0,"42":0,"43":0,"44":0,"45":0,"46":0,"47":0,"48":0,"49":0,"50":0,"51":0,"52":0,"53":0,"54":0,"55":0,"56":0,"57":0,"58":0,"59":0,"60":0,"61":0,"62":0,"63":0,"64":0,"65":0,"66":0,"67":0,"68":0,"69":0,"70":0,"71":0,"72":0,"73":0,"74":0,"75":0,"76":0,"77":0,"78":0,"79":0,"80":0,"81":0,"82":0,"83":0,"84":0,"85":0,"86":0,"87":0,"88":0,"89":0,"90":0,"91":0,"92":0,"93":0,"94":0,"95":0,"96":0,"97":0,"98":0,"99":0},"f":{"0":0,"1":0,"2":0,"3":0,"4":0,"5":0,"6":0,"7":0,"8":0,"9":0,"10":0,"11":0,"12":0,"13":0},"b":{"0":[0],"1":[0],"2":[0],"3":[0,0],"4":[0,0],"5":[0,0],"6":[0,0],"7":[0,0],"8":[0],"9":[0,0],"10":[0,0]}}
,"C:\\Users\\tbrei\\Documents\\Studium\\Projekt\\newBack\\geo-pick-points-backend\\src\\dist\\Resources.js": {"path":"C:\\Users\\tbrei\\Documents\\Studium\\Projekt\\newBack\\geo-pick-points-backend\\src\\dist\\Resources.js","statementMap":{"0":{"start":{"line":2,"column":0},"end":{"line":2,"column":26}}},"fnMap":{},"branchMap":{},"s":{"0":0},"f":{},"b":{},"inputSourceMap":null}
,"C:\\Users\\tbrei\\Documents\\Studium\\Projekt\\newBack\\geo-pick-points-backend\\src\\model\\GameInstanceModel.ts": {"path":"C:\\Users\\tbrei\\Documents\\Studium\\Projekt\\newBack\\geo-pick-points-backend\\src\\model\\GameInstanceModel.ts","statementMap":{"0":{"start":{"line":1,"column":0},"end":{"line":1,"column":48}},"1":{"start":{"line":12,"column":27},"end":{"line":36,"column":null}},"2":{"start":{"line":39,"column":13},"end":{"line":39,"column":85}}},"fnMap":{},"branchMap":{},"s":{"0":9,"1":9,"2":9},"f":{},"b":{}}
,"C:\\Users\\tbrei\\Documents\\Studium\\Projekt\\newBack\\geo-pick-points-backend\\src\\model\\GameModel.ts": {"path":"C:\\Users\\tbrei\\Documents\\Studium\\Projekt\\newBack\\geo-pick-points-backend\\src\\model\\GameModel.ts","statementMap":{"0":{"start":{"line":1,"column":0},"end":{"line":1,"column":54}},"1":{"start":{"line":12,"column":19},"end":{"line":28,"column":null}},"2":{"start":{"line":31,"column":13},"end":{"line":31,"column":62}}},"fnMap":{},"branchMap":{},"s":{"0":11,"1":11,"2":11},"f":{},"b":{}}
,"C:\\Users\\tbrei\\Documents\\Studium\\Projekt\\newBack\\geo-pick-points-backend\\src\\model\\POIListsModel.ts": {"path":"C:\\Users\\tbrei\\Documents\\Studium\\Projekt\\newBack\\geo-pick-points-backend\\src\\model\\POIListsModel.ts","statementMap":{"0":{"start":{"line":1,"column":0},"end":{"line":1,"column":61}},"1":{"start":{"line":9,"column":22},"end":{"line":17,"column":2}},"2":{"start":{"line":19,"column":13},"end":{"line":19,"column":74}}},"fnMap":{},"branchMap":{},"s":{"0":9,"1":9,"2":9},"f":{},"b":{}}
,"C:\\Users\\tbrei\\Documents\\Studium\\Projekt\\newBack\\geo-pick-points-backend\\src\\model\\POIModel.ts": {"path":"C:\\Users\\tbrei\\Documents\\Studium\\Projekt\\newBack\\geo-pick-points-backend\\src\\model\\POIModel.ts","statementMap":{"0":{"start":{"line":1,"column":0},"end":{"line":1,"column":43}},"1":{"start":{"line":11,"column":18},"end":{"line":19,"column":2}},"2":{"start":{"line":21,"column":13},"end":{"line":21,"column":58}}},"fnMap":{},"branchMap":{},"s":{"0":9,"1":9,"2":9},"f":{},"b":{}}
,"C:\\Users\\tbrei\\Documents\\Studium\\Projekt\\newBack\\geo-pick-points-backend\\src\\model\\PlayerModel.ts": {"path":"C:\\Users\\tbrei\\Documents\\Studium\\Projekt\\newBack\\geo-pick-points-backend\\src\\model\\PlayerModel.ts","statementMap":{"0":{"start":{"line":1,"column":0},"end":{"line":1,"column":31}},"1":{"start":{"line":12,"column":21},"end":{"line":23,"column":null}},"2":{"start":{"line":26,"column":13},"end":{"line":26,"column":70}}},"fnMap":{},"branchMap":{},"s":{"0":9,"1":9,"2":9},"f":{},"b":{}}
,"C:\\Users\\tbrei\\Documents\\Studium\\Projekt\\newBack\\geo-pick-points-backend\\src\\model\\TeamModel.ts": {"path":"C:\\Users\\tbrei\\Documents\\Studium\\Projekt\\newBack\\geo-pick-points-backend\\src\\model\\TeamModel.ts","statementMap":{"0":{"start":{"line":1,"column":0},"end":{"line":1,"column":61}},"1":{"start":{"line":13,"column":19},"end":{"line":21,"column":2}},"2":{"start":{"line":23,"column":13},"end":{"line":23,"column":62}}},"fnMap":{},"branchMap":{},"s":{"0":11,"1":11,"2":11},"f":{},"b":{}}
,"C:\\Users\\tbrei\\Documents\\Studium\\Projekt\\newBack\\geo-pick-points-backend\\src\\model\\UserModel.ts": {"path":"C:\\Users\\tbrei\\Documents\\Studium\\Projekt\\newBack\\geo-pick-points-backend\\src\\model\\UserModel.ts","statementMap":{"0":{"start":{"line":1,"column":0},"end":{"line":1,"column":48}},"1":{"start":{"line":2,"column":0},"end":{"line":2,"column":28}},"2":{"start":{"line":22,"column":19},"end":{"line":32,"column":2}},"3":{"start":{"line":35,"column":0},"end":{"line":40,"column":3}},"4":{"start":{"line":36,"column":4},"end":{"line":39,"column":5}},"5":{"start":{"line":37,"column":31},"end":{"line":37,"column":67}},"6":{"start":{"line":38,"column":8},"end":{"line":38,"column":39}},"7":{"start":{"line":43,"column":0},"end":{"line":45,"column":3}},"8":{"start":{"line":44,"column":4},"end":{"line":44,"column":60}},"9":{"start":{"line":47,"column":13},"end":{"line":47,"column":64}}},"fnMap":{"0":{"name":"(anonymous_8)","decl":{"start":{"line":35,"column":23},"end":{"line":35,"column":null}},"loc":{"start":{"line":35,"column":23},"end":{"line":40,"column":2}}},"1":{"name":"(anonymous_10)","decl":{"start":{"line":43,"column":39},"end":{"line":43,"column":55}},"loc":{"start":{"line":43,"column":80},"end":{"line":45,"column":2}}}},"branchMap":{"0":{"loc":{"start":{"line":36,"column":4},"end":{"line":39,"column":5}},"type":"if","locations":[{"start":{"line":36,"column":4},"end":{"line":39,"column":5}}]}},"s":{"0":11,"1":11,"2":11,"3":11,"4":4,"5":4,"6":4,"7":11,"8":0,"9":11},"f":{"0":4,"1":0},"b":{"0":[4]}}
,"C:\\Users\\tbrei\\Documents\\Studium\\Projekt\\newBack\\geo-pick-points-backend\\src\\model\\dist\\TeamModel.js": {"path":"C:\\Users\\tbrei\\Documents\\Studium\\Projekt\\newBack\\geo-pick-points-backend\\src\\model\\dist\\TeamModel.js","statementMap":{"0":{"start":{"line":2,"column":0},"end":{"line":2,"column":26}},"1":{"start":{"line":3,"column":0},"end":{"line":3,"column":22}},"2":{"start":{"line":4,"column":17},"end":{"line":4,"column":36}},"3":{"start":{"line":5,"column":17},"end":{"line":13,"column":2}},"4":{"start":{"line":14,"column":0},"end":{"line":14,"column":63}}},"fnMap":{},"branchMap":{},"s":{"0":0,"1":0,"2":0,"3":0,"4":0},"f":{},"b":{},"inputSourceMap":null}
,"C:\\Users\\tbrei\\Documents\\Studium\\Projekt\\newBack\\geo-pick-points-backend\\src\\routes\\Authentication.ts": {"path":"C:\\Users\\tbrei\\Documents\\Studium\\Projekt\\newBack\\geo-pick-points-backend\\src\\routes\\Authentication.ts","statementMap":{"0":{"start":{"line":14,"column":0},"end":{"line":14,"column":16}},"1":{"start":{"line":39,"column":0},"end":{"line":39,"column":16}},"2":{"start":{"line":2,"column":0},"end":{"line":2,"column":51}},"3":{"start":{"line":3,"column":0},"end":{"line":3,"column":49}},"4":{"start":{"line":15,"column":4},"end":{"line":17,"column":5}},"5":{"start":{"line":16,"column":8},"end":{"line":16,"column":68}},"6":{"start":{"line":19,"column":18},"end":{"line":19,"column":45}},"7":{"start":{"line":21,"column":4},"end":{"line":23,"column":5}},"8":{"start":{"line":22,"column":8},"end":{"line":22,"column":66}},"9":{"start":{"line":25,"column":4},"end":{"line":36,"column":5}},"10":{"start":{"line":26,"column":24},"end":{"line":26,"column":40}},"11":{"start":{"line":28,"column":8},"end":{"line":28,"column":32}},"12":{"start":{"line":30,"column":8},"end":{"line":30,"column":15}},"13":{"start":{"line":32,"column":8},"end":{"line":34,"column":9}},"14":{"start":{"line":33,"column":12},"end":{"line":33,"column":68}},"15":{"start":{"line":35,"column":8},"end":{"line":35,"column":18}},"16":{"start":{"line":40,"column":18},"end":{"line":40,"column":43}},"17":{"start":{"line":42,"column":4},"end":{"line":44,"column":5}},"18":{"start":{"line":43,"column":8},"end":{"line":43,"column":22}},"19":{"start":{"line":46,"column":4},"end":{"line":52,"column":5}},"20":{"start":{"line":47,"column":24},"end":{"line":47,"column":40}},"21":{"start":{"line":48,"column":8},"end":{"line":48,"column":32}},"22":{"start":{"line":49,"column":8},"end":{"line":49,"column":15}},"23":{"start":{"line":51,"column":8},"end":{"line":51,"column":67}}},"fnMap":{"0":{"name":"requiresAuthentication","decl":{"start":{"line":14,"column":16},"end":{"line":14,"column":38}},"loc":{"start":{"line":14,"column":86},"end":{"line":37,"column":1}}},"1":{"name":"optionalAuthentication","decl":{"start":{"line":39,"column":16},"end":{"line":39,"column":38}},"loc":{"start":{"line":39,"column":86},"end":{"line":53,"column":1}}}},"branchMap":{"0":{"loc":{"start":{"line":15,"column":4},"end":{"line":17,"column":5}},"type":"if","locations":[{"start":{"line":15,"column":4},"end":{"line":17,"column":5}}]},"1":{"loc":{"start":{"line":21,"column":4},"end":{"line":23,"column":5}},"type":"if","locations":[{"start":{"line":21,"column":4},"end":{"line":23,"column":5}}]},"2":{"loc":{"start":{"line":32,"column":8},"end":{"line":34,"column":9}},"type":"if","locations":[{"start":{"line":32,"column":8},"end":{"line":34,"column":9}}]},"3":{"loc":{"start":{"line":40,"column":18},"end":{"line":40,"column":43}},"type":"cond-expr","locations":[{"start":{"line":40,"column":29},"end":{"line":40,"column":31}},{"start":{"line":40,"column":29},"end":{"line":40,"column":43}}]},"4":{"loc":{"start":{"line":40,"column":18},"end":{"line":40,"column":31}},"type":"binary-expr","locations":[{"start":{"line":40,"column":18},"end":{"line":40,"column":31}},{"start":{"line":40,"column":29},"end":{"line":40,"column":31}}]},"5":{"loc":{"start":{"line":42,"column":4},"end":{"line":44,"column":5}},"type":"if","locations":[{"start":{"line":42,"column":4},"end":{"line":44,"column":5}}]}},"s":{"0":0,"1":0,"2":0,"3":0,"4":0,"5":0,"6":0,"7":0,"8":0,"9":0,"10":0,"11":0,"12":0,"13":0,"14":0,"15":0,"16":0,"17":0,"18":0,"19":0,"20":0,"21":0,"22":0,"23":0},"f":{"0":0,"1":0},"b":{"0":[0],"1":[0],"2":[0],"3":[0,0],"4":[0,0],"5":[0]}}
,"C:\\Users\\tbrei\\Documents\\Studium\\Projekt\\newBack\\geo-pick-points-backend\\src\\routes\\AuthenticationRoutes.ts": {"path":"C:\\Users\\tbrei\\Documents\\Studium\\Projekt\\newBack\\geo-pick-points-backend\\src\\routes\\AuthenticationRoutes.ts","statementMap":{"0":{"start":{"line":1,"column":0},"end":{"line":1,"column":67}},"1":{"start":{"line":2,"column":0},"end":{"line":2,"column":58}},"2":{"start":{"line":4,"column":13},"end":{"line":4,"column":53}},"3":{"start":{"line":7,"column":0},"end":{"line":29,"column":null}},"4":{"start":{"line":7,"column":60},"end":{"line":29,"column":2}},"5":{"start":{"line":8,"column":31},"end":{"line":8,"column":39}},"6":{"start":{"line":10,"column":4},"end":{"line":28,"column":5}},"7":{"start":{"line":12,"column":23},"end":{"line":12,"column":50}},"8":{"start":{"line":14,"column":8},"end":{"line":19,"column":9}},"9":{"start":{"line":15,"column":13},"end":{"line":15,"column":42}},"10":{"start":{"line":18,"column":13},"end":{"line":18,"column":86}},"11":{"start":{"line":22,"column":8},"end":{"line":27,"column":11}},"12":{"start":{"line":23,"column":12},"end":{"line":23,"column":48}},"13":{"start":{"line":26,"column":12},"end":{"line":26,"column":40}}},"fnMap":{"0":{"name":"(anonymous_8)","decl":{"start":{"line":7,"column":36},"end":{"line":7,"column":43}},"loc":{"start":{"line":7,"column":60},"end":{"line":29,"column":2}}},"1":{"name":"(anonymous_9)","decl":{"start":{"line":7,"column":60},"end":{"line":7,"column":null}},"loc":{"start":{"line":7,"column":60},"end":{"line":29,"column":1}}}},"branchMap":{"0":{"loc":{"start":{"line":14,"column":8},"end":{"line":19,"column":9}},"type":"if","locations":[{"start":{"line":14,"column":8},"end":{"line":19,"column":9}},{"start":{"line":17,"column":15},"end":{"line":19,"column":9}}]},"1":{"loc":{"start":{"line":22,"column":8},"end":{"line":27,"column":11}},"type":"if","locations":[{"start":{"line":22,"column":8},"end":{"line":27,"column":11}},{"start":{"line":25,"column":17},"end":{"line":27,"column":11}}]}},"s":{"0":7,"1":7,"2":7,"3":7,"4":0,"5":0,"6":0,"7":0,"8":0,"9":0,"10":0,"11":0,"12":0,"13":0},"f":{"0":0,"1":0},"b":{"0":[0,0],"1":[0,0]}}
,"C:\\Users\\tbrei\\Documents\\Studium\\Projekt\\newBack\\geo-pick-points-backend\\src\\routes\\POI.ts": {"path":"C:\\Users\\tbrei\\Documents\\Studium\\Projekt\\newBack\\geo-pick-points-backend\\src\\routes\\POI.ts","statementMap":{"0":{"start":{"line":1,"column":0},"end":{"line":1,"column":30}},"1":{"start":{"line":2,"column":0},"end":{"line":2,"column":105}},"2":{"start":{"line":3,"column":0},"end":{"line":3,"column":106}},"3":{"start":{"line":5,"column":13},"end":{"line":5,"column":42}},"4":{"start":{"line":10,"column":0},"end":{"line":18,"column":3}},"5":{"start":{"line":10,"column":45},"end":{"line":18,"column":2}},"6":{"start":{"line":11,"column":4},"end":{"line":17,"column":5}},"7":{"start":{"line":12,"column":23},"end":{"line":12,"column":48}},"8":{"start":{"line":13,"column":8},"end":{"line":13,"column":37}},"9":{"start":{"line":15,"column":8},"end":{"line":15,"column":24}},"10":{"start":{"line":16,"column":8},"end":{"line":16,"column":18}},"11":{"start":{"line":23,"column":0},"end":{"line":36,"column":3}},"12":{"start":{"line":23,"column":50},"end":{"line":36,"column":2}},"13":{"start":{"line":24,"column":13},"end":{"line":24,"column":15}},"14":{"start":{"line":25,"column":4},"end":{"line":27,"column":5}},"15":{"start":{"line":26,"column":8},"end":{"line":26,"column":27}},"16":{"start":{"line":29,"column":4},"end":{"line":35,"column":5}},"17":{"start":{"line":30,"column":8},"end":{"line":30,"column":28}},"18":{"start":{"line":31,"column":8},"end":{"line":31,"column":31}},"19":{"start":{"line":33,"column":8},"end":{"line":33,"column":24}},"20":{"start":{"line":34,"column":8},"end":{"line":34,"column":18}},"21":{"start":{"line":41,"column":0},"end":{"line":54,"column":3}},"22":{"start":{"line":41,"column":47},"end":{"line":54,"column":2}},"23":{"start":{"line":42,"column":13},"end":{"line":42,"column":15}},"24":{"start":{"line":43,"column":4},"end":{"line":45,"column":5}},"25":{"start":{"line":44,"column":8},"end":{"line":44,"column":27}},"26":{"start":{"line":47,"column":4},"end":{"line":53,"column":5}},"27":{"start":{"line":48,"column":20},"end":{"line":48,"column":40}},"28":{"start":{"line":49,"column":8},"end":{"line":49,"column":34}},"29":{"start":{"line":51,"column":8},"end":{"line":51,"column":24}},"30":{"start":{"line":52,"column":8},"end":{"line":52,"column":18}},"31":{"start":{"line":59,"column":0},"end":{"line":74,"column":3}},"32":{"start":{"line":59,"column":55},"end":{"line":74,"column":2}},"33":{"start":{"line":60,"column":13},"end":{"line":60,"column":15}},"34":{"start":{"line":61,"column":17},"end":{"line":61,"column":19}},"35":{"start":{"line":62,"column":4},"end":{"line":65,"column":5}},"36":{"start":{"line":63,"column":8},"end":{"line":63,"column":27}},"37":{"start":{"line":64,"column":8},"end":{"line":64,"column":35}},"38":{"start":{"line":67,"column":4},"end":{"line":73,"column":5}},"39":{"start":{"line":68,"column":20},"end":{"line":68,"column":55}},"40":{"start":{"line":69,"column":8},"end":{"line":69,"column":34}},"41":{"start":{"line":71,"column":8},"end":{"line":71,"column":24}},"42":{"start":{"line":72,"column":8},"end":{"line":72,"column":18}},"43":{"start":{"line":79,"column":0},"end":{"line":87,"column":3}},"44":{"start":{"line":79,"column":44},"end":{"line":87,"column":2}},"45":{"start":{"line":80,"column":4},"end":{"line":86,"column":5}},"46":{"start":{"line":81,"column":21},"end":{"line":81,"column":39}},"47":{"start":{"line":82,"column":8},"end":{"line":82,"column":35}},"48":{"start":{"line":84,"column":8},"end":{"line":84,"column":24}},"49":{"start":{"line":85,"column":8},"end":{"line":85,"column":18}},"50":{"start":{"line":90,"column":0},"end":{"line":148,"column":3}},"51":{"start":{"line":90,"column":54},"end":{"line":148,"column":2}},"52":{"start":{"line":92,"column":32},"end":{"line":92,"column":36}},"53":{"start":{"line":94,"column":13},"end":{"line":94,"column":15}},"54":{"start":{"line":98,"column":4},"end":{"line":100,"column":5}},"55":{"start":{"line":99,"column":8},"end":{"line":99,"column":27}},"56":{"start":{"line":101,"column":4},"end":{"line":105,"column":5}},"57":{"start":{"line":102,"column":8},"end":{"line":102,"column":35}},"58":{"start":{"line":103,"column":8},"end":{"line":103,"column":35}},"59":{"start":{"line":104,"column":8},"end":{"line":104,"column":49}},"60":{"start":{"line":107,"column":4},"end":{"line":147,"column":5}},"61":{"start":{"line":109,"column":20},"end":{"line":109,"column":52}},"62":{"start":{"line":110,"column":20},"end":{"line":110,"column":21}},"63":{"start":{"line":112,"column":8},"end":{"line":115,"column":9}},"64":{"start":{"line":113,"column":12},"end":{"line":113,"column":49}},"65":{"start":{"line":114,"column":12},"end":{"line":114,"column":20}},"66":{"start":{"line":117,"column":23},"end":{"line":117,"column":24}},"67":{"start":{"line":118,"column":8},"end":{"line":122,"column":9}},"68":{"start":{"line":119,"column":12},"end":{"line":121,"column":13}},"69":{"start":{"line":120,"column":16},"end":{"line":120,"column":27}},"70":{"start":{"line":125,"column":20},"end":{"line":125,"column":40}},"71":{"start":{"line":127,"column":25},"end":{"line":127,"column":101}},"72":{"start":{"line":129,"column":21},"end":{"line":129,"column":52}},"73":{"start":{"line":130,"column":23},"end":{"line":130,"column":30}},"74":{"start":{"line":131,"column":8},"end":{"line":143,"column":9}},"75":{"start":{"line":132,"column":12},"end":{"line":140,"column":13}},"76":{"start":{"line":133,"column":16},"end":{"line":133,"column":63}},"77":{"start":{"line":134,"column":16},"end":{"line":134,"column":77}},"78":{"start":{"line":135,"column":16},"end":{"line":135,"column":68}},"79":{"start":{"line":136,"column":16},"end":{"line":136,"column":null}},"80":{"start":{"line":137,"column":16},"end":{"line":137,"column":84}},"81":{"start":{"line":139,"column":16},"end":{"line":139,"column":null}},"82":{"start":{"line":142,"column":12},"end":{"line":142,"column":null}},"83":{"start":{"line":145,"column":8},"end":{"line":145,"column":24}},"84":{"start":{"line":146,"column":8},"end":{"line":146,"column":18}},"85":{"start":{"line":152,"column":22},"end":{"line":152,"column":74}},"86":{"start":{"line":152,"column":50},"end":{"line":152,"column":74}},"87":{"start":{"line":154,"column":14},"end":{"line":154,"column":20}},"88":{"start":{"line":155,"column":17},"end":{"line":155,"column":39}},"89":{"start":{"line":156,"column":17},"end":{"line":156,"column":39}},"90":{"start":{"line":159,"column":8},"end":{"line":161,"column":47}},"91":{"start":{"line":163,"column":14},"end":{"line":163,"column":60}},"92":{"start":{"line":164,"column":21},"end":{"line":164,"column":26}},"93":{"start":{"line":166,"column":4},"end":{"line":166,"column":20}},"94":{"start":{"line":171,"column":0},"end":{"line":171,"column":25}}},"fnMap":{"0":{"name":"(anonymous_8)","decl":{"start":{"line":10,"column":20},"end":{"line":10,"column":27}},"loc":{"start":{"line":10,"column":45},"end":{"line":18,"column":2}}},"1":{"name":"(anonymous_9)","decl":{"start":{"line":10,"column":45},"end":{"line":10,"column":null}},"loc":{"start":{"line":10,"column":45},"end":{"line":18,"column":1}}},"2":{"name":"(anonymous_10)","decl":{"start":{"line":23,"column":25},"end":{"line":23,"column":32}},"loc":{"start":{"line":23,"column":50},"end":{"line":36,"column":2}}},"3":{"name":"(anonymous_11)","decl":{"start":{"line":23,"column":50},"end":{"line":23,"column":null}},"loc":{"start":{"line":23,"column":50},"end":{"line":36,"column":1}}},"4":{"name":"(anonymous_12)","decl":{"start":{"line":41,"column":22},"end":{"line":41,"column":29}},"loc":{"start":{"line":41,"column":47},"end":{"line":54,"column":2}}},"5":{"name":"(anonymous_13)","decl":{"start":{"line":41,"column":47},"end":{"line":41,"column":null}},"loc":{"start":{"line":41,"column":47},"end":{"line":54,"column":1}}},"6":{"name":"(anonymous_14)","decl":{"start":{"line":59,"column":30},"end":{"line":59,"column":37}},"loc":{"start":{"line":59,"column":55},"end":{"line":74,"column":2}}},"7":{"name":"(anonymous_15)","decl":{"start":{"line":59,"column":55},"end":{"line":59,"column":null}},"loc":{"start":{"line":59,"column":55},"end":{"line":74,"column":1}}},"8":{"name":"(anonymous_16)","decl":{"start":{"line":79,"column":19},"end":{"line":79,"column":26}},"loc":{"start":{"line":79,"column":44},"end":{"line":87,"column":2}}},"9":{"name":"(anonymous_17)","decl":{"start":{"line":79,"column":44},"end":{"line":79,"column":null}},"loc":{"start":{"line":79,"column":44},"end":{"line":87,"column":1}}},"10":{"name":"(anonymous_18)","decl":{"start":{"line":90,"column":29},"end":{"line":90,"column":36}},"loc":{"start":{"line":90,"column":54},"end":{"line":148,"column":2}}},"11":{"name":"(anonymous_19)","decl":{"start":{"line":90,"column":54},"end":{"line":90,"column":null}},"loc":{"start":{"line":90,"column":54},"end":{"line":148,"column":1}}},"12":{"name":"calculateDistance","decl":{"start":{"line":151,"column":9},"end":{"line":151,"column":26}},"loc":{"start":{"line":151,"column":81},"end":{"line":167,"column":1}}},"13":{"name":"(anonymous_21)","decl":{"start":{"line":152,"column":22},"end":{"line":152,"column":23}},"loc":{"start":{"line":152,"column":50},"end":{"line":152,"column":74}}}},"branchMap":{"0":{"loc":{"start":{"line":25,"column":4},"end":{"line":27,"column":5}},"type":"if","locations":[{"start":{"line":25,"column":4},"end":{"line":27,"column":5}}]},"1":{"loc":{"start":{"line":43,"column":4},"end":{"line":45,"column":5}},"type":"if","locations":[{"start":{"line":43,"column":4},"end":{"line":45,"column":5}}]},"2":{"loc":{"start":{"line":62,"column":4},"end":{"line":65,"column":5}},"type":"if","locations":[{"start":{"line":62,"column":4},"end":{"line":65,"column":5}}]},"3":{"loc":{"start":{"line":98,"column":4},"end":{"line":100,"column":5}},"type":"if","locations":[{"start":{"line":98,"column":4},"end":{"line":100,"column":5}}]},"4":{"loc":{"start":{"line":101,"column":4},"end":{"line":105,"column":5}},"type":"if","locations":[{"start":{"line":101,"column":4},"end":{"line":105,"column":5}}]},"5":{"loc":{"start":{"line":119,"column":12},"end":{"line":121,"column":13}},"type":"if","locations":[{"start":{"line":119,"column":12},"end":{"line":121,"column":13}}]},"6":{"loc":{"start":{"line":131,"column":8},"end":{"line":143,"column":9}},"type":"if","locations":[{"start":{"line":131,"column":8},"end":{"line":143,"column":9}},{"start":{"line":141,"column":15},"end":{"line":143,"column":9}}]},"7":{"loc":{"start":{"line":131,"column":12},"end":{"line":131,"column":46}},"type":"binary-expr","locations":[{"start":{"line":131,"column":12},"end":{"line":131,"column":36}},{"start":{"line":131,"column":40},"end":{"line":131,"column":46}}]},"8":{"loc":{"start":{"line":132,"column":12},"end":{"line":140,"column":13}},"type":"if","locations":[{"start":{"line":132,"column":12},"end":{"line":140,"column":13}},{"start":{"line":138,"column":19},"end":{"line":140,"column":13}}]}},"s":{"0":7,"1":7,"2":7,"3":7,"4":7,"5":1,"6":1,"7":1,"8":1,"9":0,"10":0,"11":7,"12":1,"13":1,"14":1,"15":1,"16":1,"17":1,"18":1,"19":0,"20":0,"21":7,"22":1,"23":1,"24":1,"25":1,"26":1,"27":1,"28":1,"29":0,"30":0,"31":7,"32":0,"33":0,"34":0,"35":0,"36":0,"37":0,"38":0,"39":0,"40":0,"41":0,"42":0,"43":7,"44":1,"45":1,"46":1,"47":1,"48":0,"49":0,"50":7,"51":0,"52":0,"53":0,"54":0,"55":0,"56":0,"57":0,"58":0,"59":0,"60":0,"61":0,"62":0,"63":0,"64":0,"65":0,"66":0,"67":0,"68":0,"69":0,"70":0,"71":0,"72":0,"73":0,"74":0,"75":0,"76":0,"77":0,"78":0,"79":0,"80":0,"81":0,"82":0,"83":0,"84":0,"85":0,"86":0,"87":0,"88":0,"89":0,"90":0,"91":0,"92":0,"93":0,"94":7},"f":{"0":1,"1":1,"2":1,"3":1,"4":1,"5":1,"6":0,"7":0,"8":1,"9":1,"10":0,"11":0,"12":0,"13":0},"b":{"0":[1],"1":[1],"2":[0],"3":[0],"4":[0],"5":[0],"6":[0,0],"7":[0,0],"8":[0,0]}}
,"C:\\Users\\tbrei\\Documents\\Studium\\Projekt\\newBack\\geo-pick-points-backend\\src\\routes\\POILists.ts": {"path":"C:\\Users\\tbrei\\Documents\\Studium\\Projekt\\newBack\\geo-pick-points-backend\\src\\routes\\POILists.ts","statementMap":{"0":{"start":{"line":1,"column":0},"end":{"line":1,"column":30}},"1":{"start":{"line":2,"column":0},"end":{"line":2,"column":63}},"2":{"start":{"line":4,"column":13},"end":{"line":4,"column":46}},"3":{"start":{"line":9,"column":0},"end":{"line":18,"column":3}},"4":{"start":{"line":9,"column":49},"end":{"line":18,"column":2}},"5":{"start":{"line":10,"column":4},"end":{"line":17,"column":5}},"6":{"start":{"line":11,"column":34},"end":{"line":11,"column":42}},"7":{"start":{"line":12,"column":24},"end":{"line":12,"column":79}},"8":{"start":{"line":13,"column":8},"end":{"line":13,"column":38}},"9":{"start":{"line":15,"column":8},"end":{"line":15,"column":81}},"10":{"start":{"line":16,"column":8},"end":{"line":16,"column":18}},"11":{"start":{"line":23,"column":0},"end":{"line":35,"column":3}},"12":{"start":{"line":23,"column":51},"end":{"line":35,"column":2}},"13":{"start":{"line":24,"column":4},"end":{"line":34,"column":5}},"14":{"start":{"line":25,"column":24},"end":{"line":25,"column":74}},"15":{"start":{"line":26,"column":8},"end":{"line":29,"column":9}},"16":{"start":{"line":27,"column":12},"end":{"line":27,"column":74}},"17":{"start":{"line":28,"column":12},"end":{"line":28,"column":19}},"18":{"start":{"line":30,"column":8},"end":{"line":30,"column":38}},"19":{"start":{"line":32,"column":8},"end":{"line":32,"column":79}},"20":{"start":{"line":33,"column":8},"end":{"line":33,"column":18}},"21":{"start":{"line":41,"column":0},"end":{"line":53,"column":3}},"22":{"start":{"line":41,"column":54},"end":{"line":53,"column":2}},"23":{"start":{"line":42,"column":4},"end":{"line":52,"column":5}},"24":{"start":{"line":43,"column":27},"end":{"line":43,"column":76}},"25":{"start":{"line":44,"column":8},"end":{"line":47,"column":9}},"26":{"start":{"line":45,"column":12},"end":{"line":45,"column":74}},"27":{"start":{"line":46,"column":12},"end":{"line":46,"column":19}},"28":{"start":{"line":48,"column":8},"end":{"line":48,"column":31}},"29":{"start":{"line":50,"column":8},"end":{"line":50,"column":79}},"30":{"start":{"line":51,"column":8},"end":{"line":51,"column":18}}},"fnMap":{"0":{"name":"(anonymous_14)","decl":{"start":{"line":9,"column":24},"end":{"line":9,"column":31}},"loc":{"start":{"line":9,"column":49},"end":{"line":18,"column":2}}},"1":{"name":"(anonymous_15)","decl":{"start":{"line":9,"column":49},"end":{"line":9,"column":null}},"loc":{"start":{"line":9,"column":49},"end":{"line":18,"column":1}}},"2":{"name":"(anonymous_16)","decl":{"start":{"line":23,"column":26},"end":{"line":23,"column":33}},"loc":{"start":{"line":23,"column":51},"end":{"line":35,"column":2}}},"3":{"name":"(anonymous_17)","decl":{"start":{"line":23,"column":51},"end":{"line":23,"column":null}},"loc":{"start":{"line":23,"column":51},"end":{"line":35,"column":1}}},"4":{"name":"(anonymous_18)","decl":{"start":{"line":41,"column":29},"end":{"line":41,"column":36}},"loc":{"start":{"line":41,"column":54},"end":{"line":53,"column":2}}},"5":{"name":"(anonymous_19)","decl":{"start":{"line":41,"column":54},"end":{"line":41,"column":null}},"loc":{"start":{"line":41,"column":54},"end":{"line":53,"column":1}}}},"branchMap":{"0":{"loc":{"start":{"line":12,"column":65},"end":{"line":12,"column":78}},"type":"binary-expr","locations":[{"start":{"line":12,"column":65},"end":{"line":12,"column":72}},{"start":{"line":12,"column":76},"end":{"line":12,"column":78}}]},"1":{"loc":{"start":{"line":26,"column":8},"end":{"line":29,"column":9}},"type":"if","locations":[{"start":{"line":26,"column":8},"end":{"line":29,"column":9}}]},"2":{"loc":{"start":{"line":44,"column":8},"end":{"line":47,"column":9}},"type":"if","locations":[{"start":{"line":44,"column":8},"end":{"line":47,"column":9}}]}},"s":{"0":7,"1":7,"2":7,"3":7,"4":1,"5":1,"6":1,"7":1,"8":1,"9":0,"10":0,"11":7,"12":1,"13":1,"14":1,"15":1,"16":1,"17":1,"18":0,"19":0,"20":0,"21":7,"22":2,"23":2,"24":2,"25":2,"26":2,"27":2,"28":0,"29":0,"30":0},"f":{"0":1,"1":1,"2":1,"3":1,"4":2,"5":2},"b":{"0":[1,0],"1":[1],"2":[2]}}
,"C:\\Users\\tbrei\\Documents\\Studium\\Projekt\\newBack\\geo-pick-points-backend\\src\\routes\\game.ts": {"path":"C:\\Users\\tbrei\\Documents\\Studium\\Projekt\\newBack\\geo-pick-points-backend\\src\\routes\\game.ts","statementMap":{"0":{"start":{"line":1,"column":0},"end":{"line":1,"column":30}},"1":{"start":{"line":2,"column":0},"end":{"line":2,"column":55}},"2":{"start":{"line":4,"column":13},"end":{"line":4,"column":43}},"3":{"start":{"line":9,"column":0},"end":{"line":17,"column":3}},"4":{"start":{"line":9,"column":46},"end":{"line":17,"column":2}},"5":{"start":{"line":10,"column":4},"end":{"line":16,"column":5}},"6":{"start":{"line":11,"column":24},"end":{"line":11,"column":62}},"7":{"start":{"line":12,"column":8},"end":{"line":12,"column":38}},"8":{"start":{"line":14,"column":8},"end":{"line":14,"column":78}},"9":{"start":{"line":15,"column":8},"end":{"line":15,"column":18}},"10":{"start":{"line":22,"column":0},"end":{"line":36,"column":3}},"11":{"start":{"line":22,"column":51},"end":{"line":36,"column":2}},"12":{"start":{"line":23,"column":19},"end":{"line":23,"column":29}},"13":{"start":{"line":25,"column":4},"end":{"line":35,"column":5}},"14":{"start":{"line":26,"column":27},"end":{"line":26,"column":59}},"15":{"start":{"line":27,"column":8},"end":{"line":30,"column":9}},"16":{"start":{"line":28,"column":12},"end":{"line":28,"column":70}},"17":{"start":{"line":29,"column":12},"end":{"line":29,"column":19}},"18":{"start":{"line":31,"column":8},"end":{"line":31,"column":31}},"19":{"start":{"line":33,"column":8},"end":{"line":33,"column":76}},"20":{"start":{"line":34,"column":8},"end":{"line":34,"column":18}},"21":{"start":{"line":41,"column":0},"end":{"line":55,"column":3}},"22":{"start":{"line":41,"column":48},"end":{"line":55,"column":2}},"23":{"start":{"line":42,"column":19},"end":{"line":42,"column":29}},"24":{"start":{"line":44,"column":4},"end":{"line":54,"column":5}},"25":{"start":{"line":45,"column":21},"end":{"line":45,"column":54}},"26":{"start":{"line":46,"column":8},"end":{"line":49,"column":9}},"27":{"start":{"line":47,"column":12},"end":{"line":47,"column":70}},"28":{"start":{"line":48,"column":12},"end":{"line":48,"column":19}},"29":{"start":{"line":50,"column":8},"end":{"line":50,"column":35}},"30":{"start":{"line":52,"column":8},"end":{"line":52,"column":76}},"31":{"start":{"line":53,"column":8},"end":{"line":53,"column":18}},"32":{"start":{"line":60,"column":0},"end":{"line":72,"column":3}},"33":{"start":{"line":60,"column":45},"end":{"line":72,"column":2}},"34":{"start":{"line":61,"column":4},"end":{"line":71,"column":5}},"35":{"start":{"line":62,"column":21},"end":{"line":62,"column":48}},"36":{"start":{"line":63,"column":8},"end":{"line":66,"column":9}},"37":{"start":{"line":64,"column":12},"end":{"line":64,"column":70}},"38":{"start":{"line":65,"column":12},"end":{"line":65,"column":19}},"39":{"start":{"line":67,"column":8},"end":{"line":67,"column":35}},"40":{"start":{"line":69,"column":8},"end":{"line":69,"column":76}},"41":{"start":{"line":70,"column":8},"end":{"line":70,"column":18}},"42":{"start":{"line":77,"column":0},"end":{"line":95,"column":3}},"43":{"start":{"line":77,"column":53},"end":{"line":95,"column":2}},"44":{"start":{"line":78,"column":19},"end":{"line":78,"column":29}},"45":{"start":{"line":80,"column":4},"end":{"line":94,"column":5}},"46":{"start":{"line":81,"column":19},"end":{"line":81,"column":46}},"47":{"start":{"line":82,"column":24},"end":{"line":82,"column":35}},"48":{"start":{"line":83,"column":8},"end":{"line":86,"column":9}},"49":{"start":{"line":84,"column":12},"end":{"line":84,"column":70}},"50":{"start":{"line":85,"column":12},"end":{"line":85,"column":19}},"51":{"start":{"line":87,"column":8},"end":{"line":89,"column":9}},"52":{"start":{"line":88,"column":12},"end":{"line":88,"column":null}},"53":{"start":{"line":90,"column":8},"end":{"line":90,"column":38}},"54":{"start":{"line":92,"column":8},"end":{"line":92,"column":76}},"55":{"start":{"line":93,"column":8},"end":{"line":93,"column":18}}},"fnMap":{"0":{"name":"(anonymous_14)","decl":{"start":{"line":9,"column":21},"end":{"line":9,"column":28}},"loc":{"start":{"line":9,"column":46},"end":{"line":17,"column":2}}},"1":{"name":"(anonymous_15)","decl":{"start":{"line":9,"column":46},"end":{"line":9,"column":null}},"loc":{"start":{"line":9,"column":46},"end":{"line":17,"column":1}}},"2":{"name":"(anonymous_16)","decl":{"start":{"line":22,"column":26},"end":{"line":22,"column":33}},"loc":{"start":{"line":22,"column":51},"end":{"line":36,"column":2}}},"3":{"name":"(anonymous_17)","decl":{"start":{"line":22,"column":51},"end":{"line":22,"column":null}},"loc":{"start":{"line":22,"column":51},"end":{"line":36,"column":1}}},"4":{"name":"(anonymous_18)","decl":{"start":{"line":41,"column":23},"end":{"line":41,"column":30}},"loc":{"start":{"line":41,"column":48},"end":{"line":55,"column":2}}},"5":{"name":"(anonymous_19)","decl":{"start":{"line":41,"column":48},"end":{"line":41,"column":null}},"loc":{"start":{"line":41,"column":48},"end":{"line":55,"column":1}}},"6":{"name":"(anonymous_20)","decl":{"start":{"line":60,"column":20},"end":{"line":60,"column":27}},"loc":{"start":{"line":60,"column":45},"end":{"line":72,"column":2}}},"7":{"name":"(anonymous_21)","decl":{"start":{"line":60,"column":45},"end":{"line":60,"column":null}},"loc":{"start":{"line":60,"column":45},"end":{"line":72,"column":1}}},"8":{"name":"(anonymous_22)","decl":{"start":{"line":77,"column":28},"end":{"line":77,"column":35}},"loc":{"start":{"line":77,"column":53},"end":{"line":95,"column":2}}},"9":{"name":"(anonymous_23)","decl":{"start":{"line":77,"column":53},"end":{"line":77,"column":null}},"loc":{"start":{"line":77,"column":53},"end":{"line":95,"column":1}}}},"branchMap":{"0":{"loc":{"start":{"line":27,"column":8},"end":{"line":30,"column":9}},"type":"if","locations":[{"start":{"line":27,"column":8},"end":{"line":30,"column":9}}]},"1":{"loc":{"start":{"line":46,"column":8},"end":{"line":49,"column":9}},"type":"if","locations":[{"start":{"line":46,"column":8},"end":{"line":49,"column":9}}]},"2":{"loc":{"start":{"line":63,"column":8},"end":{"line":66,"column":9}},"type":"if","locations":[{"start":{"line":63,"column":8},"end":{"line":66,"column":9}}]},"3":{"loc":{"start":{"line":83,"column":8},"end":{"line":86,"column":9}},"type":"if","locations":[{"start":{"line":83,"column":8},"end":{"line":86,"column":9}}]},"4":{"loc":{"start":{"line":87,"column":8},"end":{"line":89,"column":9}},"type":"if","locations":[{"start":{"line":87,"column":8},"end":{"line":89,"column":9}}]}},"s":{"0":7,"1":7,"2":7,"3":7,"4":1,"5":1,"6":1,"7":1,"8":0,"9":0,"10":7,"11":2,"12":2,"13":2,"14":2,"15":2,"16":2,"17":2,"18":0,"19":0,"20":0,"21":7,"22":1,"23":1,"24":1,"25":1,"26":0,"27":0,"28":0,"29":0,"30":1,"31":1,"32":7,"33":0,"34":0,"35":0,"36":0,"37":0,"38":0,"39":0,"40":0,"41":0,"42":7,"43":0,"44":0,"45":0,"46":0,"47":0,"48":0,"49":0,"50":0,"51":0,"52":0,"53":0,"54":0,"55":0},"f":{"0":1,"1":1,"2":2,"3":2,"4":1,"5":1,"6":0,"7":0,"8":0,"9":0},"b":{"0":[2],"1":[0],"2":[0],"3":[0],"4":[0]}}
,"C:\\Users\\tbrei\\Documents\\Studium\\Projekt\\newBack\\geo-pick-points-backend\\src\\routes\\gameInstance.ts": {"path":"C:\\Users\\tbrei\\Documents\\Studium\\Projekt\\newBack\\geo-pick-points-backend\\src\\routes\\gameInstance.ts","statementMap":{"0":{"start":{"line":1,"column":0},"end":{"line":1,"column":30}},"1":{"start":{"line":2,"column":0},"end":{"line":2,"column":110}},"2":{"start":{"line":5,"column":13},"end":{"line":5,"column":51}},"3":{"start":{"line":10,"column":0},"end":{"line":18,"column":3}},"4":{"start":{"line":10,"column":54},"end":{"line":18,"column":2}},"5":{"start":{"line":11,"column":4},"end":{"line":17,"column":5}},"6":{"start":{"line":12,"column":32},"end":{"line":12,"column":66}},"7":{"start":{"line":13,"column":8},"end":{"line":13,"column":46}},"8":{"start":{"line":15,"column":8},"end":{"line":15,"column":24}},"9":{"start":{"line":16,"column":8},"end":{"line":16,"column":18}},"10":{"start":{"line":23,"column":0},"end":{"line":32,"column":3}},"11":{"start":{"line":23,"column":56},"end":{"line":32,"column":2}},"12":{"start":{"line":24,"column":4},"end":{"line":31,"column":5}},"13":{"start":{"line":25,"column":31},"end":{"line":25,"column":44}},"14":{"start":{"line":26,"column":29},"end":{"line":26,"column":70}},"15":{"start":{"line":27,"column":8},"end":{"line":27,"column":43}},"16":{"start":{"line":29,"column":8},"end":{"line":29,"column":106}},"17":{"start":{"line":30,"column":8},"end":{"line":30,"column":20}},"18":{"start":{"line":37,"column":0},"end":{"line":39,"column":3}},"19":{"start":{"line":37,"column":65},"end":{"line":39,"column":2}},"20":{"start":{"line":38,"column":4},"end":{"line":38,"column":43}},"21":{"start":{"line":44,"column":0},"end":{"line":53,"column":3}},"22":{"start":{"line":44,"column":59},"end":{"line":53,"column":2}},"23":{"start":{"line":45,"column":4},"end":{"line":52,"column":5}},"24":{"start":{"line":46,"column":31},"end":{"line":46,"column":44}},"25":{"start":{"line":47,"column":8},"end":{"line":47,"column":49}},"26":{"start":{"line":48,"column":8},"end":{"line":48,"column":86}},"27":{"start":{"line":50,"column":8},"end":{"line":50,"column":114}},"28":{"start":{"line":51,"column":8},"end":{"line":51,"column":20}},"29":{"start":{"line":59,"column":0},"end":{"line":61,"column":3}},"30":{"start":{"line":59,"column":65},"end":{"line":61,"column":2}},"31":{"start":{"line":60,"column":4},"end":{"line":60,"column":43}},"32":{"start":{"line":63,"column":0},"end":{"line":63,"column":34}}},"fnMap":{"0":{"name":"(anonymous_8)","decl":{"start":{"line":10,"column":29},"end":{"line":10,"column":36}},"loc":{"start":{"line":10,"column":54},"end":{"line":18,"column":2}}},"1":{"name":"(anonymous_9)","decl":{"start":{"line":10,"column":54},"end":{"line":10,"column":null}},"loc":{"start":{"line":10,"column":54},"end":{"line":18,"column":1}}},"2":{"name":"(anonymous_10)","decl":{"start":{"line":23,"column":31},"end":{"line":23,"column":38}},"loc":{"start":{"line":23,"column":56},"end":{"line":32,"column":2}}},"3":{"name":"(anonymous_11)","decl":{"start":{"line":23,"column":56},"end":{"line":23,"column":null}},"loc":{"start":{"line":23,"column":56},"end":{"line":32,"column":1}}},"4":{"name":"(anonymous_12)","decl":{"start":{"line":37,"column":40},"end":{"line":37,"column":47}},"loc":{"start":{"line":37,"column":65},"end":{"line":39,"column":2}}},"5":{"name":"(anonymous_13)","decl":{"start":{"line":37,"column":65},"end":{"line":37,"column":null}},"loc":{"start":{"line":37,"column":65},"end":{"line":39,"column":1}}},"6":{"name":"(anonymous_14)","decl":{"start":{"line":44,"column":34},"end":{"line":44,"column":41}},"loc":{"start":{"line":44,"column":59},"end":{"line":53,"column":2}}},"7":{"name":"(anonymous_15)","decl":{"start":{"line":44,"column":59},"end":{"line":44,"column":null}},"loc":{"start":{"line":44,"column":59},"end":{"line":53,"column":1}}},"8":{"name":"(anonymous_16)","decl":{"start":{"line":59,"column":40},"end":{"line":59,"column":47}},"loc":{"start":{"line":59,"column":65},"end":{"line":61,"column":2}}},"9":{"name":"(anonymous_17)","decl":{"start":{"line":59,"column":65},"end":{"line":59,"column":null}},"loc":{"start":{"line":59,"column":65},"end":{"line":61,"column":1}}}},"branchMap":{},"s":{"0":7,"1":7,"2":7,"3":7,"4":0,"5":0,"6":0,"7":0,"8":0,"9":0,"10":7,"11":0,"12":0,"13":0,"14":0,"15":0,"16":0,"17":0,"18":7,"19":0,"20":0,"21":7,"22":0,"23":0,"24":0,"25":0,"26":0,"27":0,"28":0,"29":7,"30":0,"31":0,"32":7},"f":{"0":0,"1":0,"2":0,"3":0,"4":0,"5":0,"6":0,"7":0,"8":0,"9":0},"b":{}}
,"C:\\Users\\tbrei\\Documents\\Studium\\Projekt\\newBack\\geo-pick-points-backend\\src\\routes\\login.ts": {"path":"C:\\Users\\tbrei\\Documents\\Studium\\Projekt\\newBack\\geo-pick-points-backend\\src\\routes\\login.ts","statementMap":{"0":{"start":{"line":1,"column":0},"end":{"line":1,"column":67}},"1":{"start":{"line":2,"column":0},"end":{"line":2,"column":72}},"2":{"start":{"line":3,"column":0},"end":{"line":3,"column":41}},"3":{"start":{"line":4,"column":0},"end":{"line":4,"column":79}},"4":{"start":{"line":5,"column":0},"end":{"line":5,"column":58}},"5":{"start":{"line":9,"column":13},"end":{"line":9,"column":44}},"6":{"start":{"line":12,"column":0},"end":{"line":12,"column":32}},"7":{"start":{"line":15,"column":20},"end":{"line":15,"column":34}},"8":{"start":{"line":16,"column":12},"end":{"line":16,"column":55}},"9":{"start":{"line":22,"column":0},"end":{"line":67,"column":2}},"10":{"start":{"line":26,"column":75},"end":{"line":66,"column":null}},"11":{"start":{"line":27,"column":6},"end":{"line":65,"column":7}},"12":{"start":{"line":29,"column":25},"end":{"line":29,"column":46}},"13":{"start":{"line":30,"column":10},"end":{"line":33,"column":11}},"14":{"start":{"line":31,"column":14},"end":{"line":31,"column":63}},"15":{"start":{"line":32,"column":14},"end":{"line":32,"column":21}},"16":{"start":{"line":35,"column":37},"end":{"line":35,"column":91}},"17":{"start":{"line":37,"column":10},"end":{"line":62,"column":11}},"18":{"start":{"line":39,"column":36},"end":{"line":39,"column":63}},"19":{"start":{"line":42,"column":14},"end":{"line":47,"column":17}},"20":{"start":{"line":50,"column":14},"end":{"line":53,"column":17}},"21":{"start":{"line":55,"column":14},"end":{"line":61,"column":15}},"22":{"start":{"line":56,"column":18},"end":{"line":56,"column":65}},"23":{"start":{"line":57,"column":21},"end":{"line":61,"column":15}},"24":{"start":{"line":58,"column":18},"end":{"line":58,"column":76}},"25":{"start":{"line":60,"column":18},"end":{"line":60,"column":28}},"26":{"start":{"line":64,"column":10},"end":{"line":64,"column":20}},"27":{"start":{"line":76,"column":0},"end":{"line":104,"column":5}},"28":{"start":{"line":76,"column":74},"end":{"line":104,"column":4}},"29":{"start":{"line":77,"column":4},"end":{"line":103,"column":5}},"30":{"start":{"line":78,"column":20},"end":{"line":78,"column":44}},"31":{"start":{"line":80,"column":6},"end":{"line":83,"column":7}},"32":{"start":{"line":81,"column":8},"end":{"line":81,"column":36}},"33":{"start":{"line":82,"column":8},"end":{"line":82,"column":15}},"34":{"start":{"line":85,"column":22},"end":{"line":85,"column":38}},"35":{"start":{"line":88,"column":6},"end":{"line":91,"column":9}},"36":{"start":{"line":93,"column":6},"end":{"line":93,"column":67}},"37":{"start":{"line":96,"column":6},"end":{"line":100,"column":9}},"38":{"start":{"line":102,"column":6},"end":{"line":102,"column":34}},"39":{"start":{"line":111,"column":0},"end":{"line":123,"column":3}},"40":{"start":{"line":112,"column":2},"end":{"line":122,"column":3}},"41":{"start":{"line":113,"column":4},"end":{"line":117,"column":7}},"42":{"start":{"line":118,"column":4},"end":{"line":118,"column":27}},"43":{"start":{"line":120,"column":4},"end":{"line":120,"column":46}},"44":{"start":{"line":121,"column":4},"end":{"line":121,"column":58}}},"fnMap":{"0":{"name":"(anonymous_8)","decl":{"start":{"line":26,"column":2},"end":{"line":26,"column":9}},"loc":{"start":{"line":26,"column":75},"end":{"line":66,"column":null}}},"1":{"name":"(anonymous_9)","decl":{"start":{"line":26,"column":75},"end":{"line":26,"column":null}},"loc":{"start":{"line":26,"column":75},"end":{"line":66,"column":3}}},"2":{"name":"(anonymous_10)","decl":{"start":{"line":76,"column":21},"end":{"line":76,"column":28}},"loc":{"start":{"line":76,"column":74},"end":{"line":104,"column":4}}},"3":{"name":"(anonymous_11)","decl":{"start":{"line":76,"column":74},"end":{"line":76,"column":null}},"loc":{"start":{"line":76,"column":74},"end":{"line":104,"column":3}}},"4":{"name":"(anonymous_12)","decl":{"start":{"line":111,"column":24},"end":{"line":111,"column":25}},"loc":{"start":{"line":111,"column":56},"end":{"line":123,"column":1}}}},"branchMap":{"0":{"loc":{"start":{"line":16,"column":21},"end":{"line":16,"column":50}},"type":"binary-expr","locations":[{"start":{"line":16,"column":21},"end":{"line":16,"column":40}},{"start":{"line":16,"column":44},"end":{"line":16,"column":50}}]},"1":{"loc":{"start":{"line":30,"column":10},"end":{"line":33,"column":11}},"type":"if","locations":[{"start":{"line":30,"column":10},"end":{"line":33,"column":11}}]},"2":{"loc":{"start":{"line":55,"column":14},"end":{"line":61,"column":15}},"type":"if","locations":[{"start":{"line":55,"column":14},"end":{"line":61,"column":15}},{"start":{"line":57,"column":21},"end":{"line":61,"column":15}}]},"3":{"loc":{"start":{"line":57,"column":21},"end":{"line":61,"column":15}},"type":"if","locations":[{"start":{"line":57,"column":21},"end":{"line":61,"column":15}},{"start":{"line":59,"column":21},"end":{"line":61,"column":15}}]},"4":{"loc":{"start":{"line":57,"column":25},"end":{"line":57,"column":95}},"type":"binary-expr","locations":[{"start":{"line":57,"column":25},"end":{"line":57,"column":57}},{"start":{"line":57,"column":61},"end":{"line":57,"column":95}}]},"5":{"loc":{"start":{"line":80,"column":6},"end":{"line":83,"column":7}},"type":"if","locations":[{"start":{"line":80,"column":6},"end":{"line":83,"column":7}}]}},"s":{"0":7,"1":7,"2":7,"3":7,"4":7,"5":7,"6":7,"7":7,"8":7,"9":7,"10":0,"11":0,"12":0,"13":0,"14":0,"15":0,"16":0,"17":0,"18":0,"19":0,"20":0,"21":0,"22":0,"23":0,"24":0,"25":0,"26":0,"27":7,"28":1,"29":1,"30":1,"31":1,"32":1,"33":1,"34":0,"35":0,"36":0,"37":0,"38":0,"39":7,"40":0,"41":0,"42":0,"43":0,"44":0},"f":{"0":0,"1":0,"2":1,"3":1,"4":0},"b":{"0":[7,6],"1":[0],"2":[0,0],"3":[0,0],"4":[0,0],"5":[1]}}
,"C:\\Users\\tbrei\\Documents\\Studium\\Projekt\\newBack\\geo-pick-points-backend\\src\\routes\\player.ts": {"path":"C:\\Users\\tbrei\\Documents\\Studium\\Projekt\\newBack\\geo-pick-points-backend\\src\\routes\\player.ts","statementMap":{"0":{"start":{"line":1,"column":0},"end":{"line":1,"column":41}},"1":{"start":{"line":2,"column":0},"end":{"line":2,"column":58}},"2":{"start":{"line":9,"column":13},"end":{"line":9,"column":45}},"3":{"start":{"line":15,"column":0},"end":{"line":23,"column":null}},"4":{"start":{"line":15,"column":48},"end":{"line":23,"column":2}},"5":{"start":{"line":16,"column":4},"end":{"line":22,"column":5}},"6":{"start":{"line":17,"column":26},"end":{"line":17,"column":68}},"7":{"start":{"line":18,"column":8},"end":{"line":18,"column":null}},"8":{"start":{"line":20,"column":8},"end":{"line":20,"column":null}},"9":{"start":{"line":21,"column":8},"end":{"line":21,"column":null}},"10":{"start":{"line":28,"column":0},"end":{"line":41,"column":null}},"11":{"start":{"line":28,"column":53},"end":{"line":41,"column":2}},"12":{"start":{"line":29,"column":13},"end":{"line":29,"column":15}},"13":{"start":{"line":30,"column":4},"end":{"line":32,"column":5}},"14":{"start":{"line":31,"column":8},"end":{"line":31,"column":null}},"15":{"start":{"line":34,"column":4},"end":{"line":40,"column":5}},"16":{"start":{"line":35,"column":8},"end":{"line":35,"column":null}},"17":{"start":{"line":36,"column":8},"end":{"line":36,"column":null}},"18":{"start":{"line":38,"column":8},"end":{"line":38,"column":null}},"19":{"start":{"line":39,"column":8},"end":{"line":39,"column":null}},"20":{"start":{"line":46,"column":0},"end":{"line":59,"column":null}},"21":{"start":{"line":46,"column":50},"end":{"line":59,"column":2}},"22":{"start":{"line":47,"column":13},"end":{"line":47,"column":15}},"23":{"start":{"line":48,"column":4},"end":{"line":50,"column":5}},"24":{"start":{"line":49,"column":8},"end":{"line":49,"column":null}},"25":{"start":{"line":52,"column":4},"end":{"line":58,"column":5}},"26":{"start":{"line":53,"column":23},"end":{"line":53,"column":56}},"27":{"start":{"line":54,"column":8},"end":{"line":54,"column":null}},"28":{"start":{"line":56,"column":8},"end":{"line":56,"column":null}},"29":{"start":{"line":57,"column":8},"end":{"line":57,"column":null}},"30":{"start":{"line":65,"column":0},"end":{"line":83,"column":3}},"31":{"start":{"line":65,"column":50},"end":{"line":83,"column":2}},"32":{"start":{"line":66,"column":4},"end":{"line":82,"column":5}},"33":{"start":{"line":67,"column":25},"end":{"line":67,"column":38}},"34":{"start":{"line":68,"column":33},"end":{"line":68,"column":41}},"35":{"start":{"line":70,"column":8},"end":{"line":77,"column":9}},"36":{"start":{"line":71,"column":42},"end":{"line":71,"column":106}},"37":{"start":{"line":72,"column":12},"end":{"line":72,"column":56}},"38":{"start":{"line":75,"column":34},"end":{"line":75,"column":86}},"39":{"start":{"line":76,"column":12},"end":{"line":76,"column":48}},"40":{"start":{"line":80,"column":8},"end":{"line":80,"column":24}},"41":{"start":{"line":81,"column":8},"end":{"line":81,"column":18}},"42":{"start":{"line":88,"column":0},"end":{"line":96,"column":3}},"43":{"start":{"line":88,"column":59},"end":{"line":96,"column":2}},"44":{"start":{"line":89,"column":19},"end":{"line":89,"column":36}},"45":{"start":{"line":90,"column":4},"end":{"line":95,"column":5}},"46":{"start":{"line":91,"column":24},"end":{"line":91,"column":68}},"47":{"start":{"line":92,"column":8},"end":{"line":92,"column":38}},"48":{"start":{"line":94,"column":8},"end":{"line":94,"column":18}}},"fnMap":{"0":{"name":"(anonymous_14)","decl":{"start":{"line":15,"column":23},"end":{"line":15,"column":30}},"loc":{"start":{"line":15,"column":48},"end":{"line":23,"column":2}}},"1":{"name":"(anonymous_15)","decl":{"start":{"line":15,"column":48},"end":{"line":15,"column":null}},"loc":{"start":{"line":15,"column":48},"end":{"line":23,"column":1}}},"2":{"name":"(anonymous_16)","decl":{"start":{"line":28,"column":28},"end":{"line":28,"column":35}},"loc":{"start":{"line":28,"column":53},"end":{"line":41,"column":2}}},"3":{"name":"(anonymous_17)","decl":{"start":{"line":28,"column":53},"end":{"line":28,"column":null}},"loc":{"start":{"line":28,"column":53},"end":{"line":41,"column":1}}},"4":{"name":"(anonymous_18)","decl":{"start":{"line":46,"column":25},"end":{"line":46,"column":32}},"loc":{"start":{"line":46,"column":50},"end":{"line":59,"column":2}}},"5":{"name":"(anonymous_19)","decl":{"start":{"line":46,"column":50},"end":{"line":46,"column":null}},"loc":{"start":{"line":46,"column":50},"end":{"line":59,"column":1}}},"6":{"name":"(anonymous_20)","decl":{"start":{"line":65,"column":25},"end":{"line":65,"column":32}},"loc":{"start":{"line":65,"column":50},"end":{"line":83,"column":2}}},"7":{"name":"(anonymous_21)","decl":{"start":{"line":65,"column":50},"end":{"line":65,"column":null}},"loc":{"start":{"line":65,"column":50},"end":{"line":83,"column":1}}},"8":{"name":"(anonymous_22)","decl":{"start":{"line":88,"column":34},"end":{"line":88,"column":41}},"loc":{"start":{"line":88,"column":59},"end":{"line":96,"column":2}}},"9":{"name":"(anonymous_23)","decl":{"start":{"line":88,"column":59},"end":{"line":88,"column":null}},"loc":{"start":{"line":88,"column":59},"end":{"line":96,"column":1}}}},"branchMap":{"0":{"loc":{"start":{"line":30,"column":4},"end":{"line":32,"column":5}},"type":"if","locations":[{"start":{"line":30,"column":4},"end":{"line":32,"column":5}}]},"1":{"loc":{"start":{"line":48,"column":4},"end":{"line":50,"column":5}},"type":"if","locations":[{"start":{"line":48,"column":4},"end":{"line":50,"column":5}}]},"2":{"loc":{"start":{"line":70,"column":8},"end":{"line":77,"column":9}},"type":"if","locations":[{"start":{"line":70,"column":8},"end":{"line":77,"column":9}},{"start":{"line":74,"column":13},"end":{"line":77,"column":9}}]}},"s":{"0":7,"1":7,"2":7,"3":7,"4":3,"5":3,"6":3,"7":0,"8":3,"9":3,"10":7,"11":1,"12":1,"13":1,"14":1,"15":1,"16":1,"17":0,"18":1,"19":1,"20":7,"21":0,"22":0,"23":0,"24":0,"25":0,"26":0,"27":0,"28":0,"29":0,"30":7,"31":0,"32":0,"33":0,"34":0,"35":0,"36":0,"37":0,"38":0,"39":0,"40":0,"41":0,"42":7,"43":0,"44":0,"45":0,"46":0,"47":0,"48":0},"f":{"0":3,"1":3,"2":1,"3":1,"4":0,"5":0,"6":0,"7":0,"8":0,"9":0},"b":{"0":[1],"1":[0],"2":[0,0]}}
,"C:\\Users\\tbrei\\Documents\\Studium\\Projekt\\newBack\\geo-pick-points-backend\\src\\routes\\team.ts": {"path":"C:\\Users\\tbrei\\Documents\\Studium\\Projekt\\newBack\\geo-pick-points-backend\\src\\routes\\team.ts","statementMap":{"0":{"start":{"line":1,"column":0},"end":{"line":1,"column":67}},"1":{"start":{"line":2,"column":0},"end":{"line":2,"column":54}},"2":{"start":{"line":4,"column":0},"end":{"line":4,"column":47}},"3":{"start":{"line":14,"column":13},"end":{"line":14,"column":43}},"4":{"start":{"line":21,"column":0},"end":{"line":38,"column":null}},"5":{"start":{"line":21,"column":46},"end":{"line":38,"column":2}},"6":{"start":{"line":23,"column":23},"end":{"line":23,"column":42}},"7":{"start":{"line":25,"column":4},"end":{"line":37,"column":5}},"8":{"start":{"line":27,"column":8},"end":{"line":31,"column":9}},"9":{"start":{"line":28,"column":10},"end":{"line":28,"column":null}},"10":{"start":{"line":30,"column":10},"end":{"line":30,"column":null}},"11":{"start":{"line":32,"column":8},"end":{"line":32,"column":null}},"12":{"start":{"line":35,"column":8},"end":{"line":35,"column":null}},"13":{"start":{"line":36,"column":8},"end":{"line":36,"column":null}},"14":{"start":{"line":43,"column":0},"end":{"line":56,"column":null}},"15":{"start":{"line":43,"column":51},"end":{"line":56,"column":2}},"16":{"start":{"line":44,"column":13},"end":{"line":44,"column":15}},"17":{"start":{"line":45,"column":4},"end":{"line":47,"column":5}},"18":{"start":{"line":46,"column":8},"end":{"line":46,"column":null}},"19":{"start":{"line":49,"column":4},"end":{"line":55,"column":5}},"20":{"start":{"line":50,"column":8},"end":{"line":50,"column":null}},"21":{"start":{"line":51,"column":8},"end":{"line":51,"column":null}},"22":{"start":{"line":53,"column":8},"end":{"line":53,"column":null}},"23":{"start":{"line":54,"column":8},"end":{"line":54,"column":null}},"24":{"start":{"line":59,"column":0},"end":{"line":68,"column":null}},"25":{"start":{"line":59,"column":51},"end":{"line":68,"column":2}},"26":{"start":{"line":60,"column":2},"end":{"line":67,"column":1}},"27":{"start":{"line":61,"column":19},"end":{"line":61,"column":32}},"28":{"start":{"line":62,"column":17},"end":{"line":62,"column":50}},"29":{"start":{"line":63,"column":4},"end":{"line":63,"column":31}},"30":{"start":{"line":65,"column":4},"end":{"line":65,"column":20}},"31":{"start":{"line":66,"column":4},"end":{"line":66,"column":14}},"32":{"start":{"line":74,"column":0},"end":{"line":92,"column":3}},"33":{"start":{"line":74,"column":48},"end":{"line":92,"column":2}},"34":{"start":{"line":75,"column":4},"end":{"line":91,"column":5}},"35":{"start":{"line":76,"column":23},"end":{"line":76,"column":36}},"36":{"start":{"line":77,"column":35},"end":{"line":77,"column":43}},"37":{"start":{"line":79,"column":8},"end":{"line":86,"column":9}},"38":{"start":{"line":80,"column":40},"end":{"line":80,"column":100}},"39":{"start":{"line":81,"column":12},"end":{"line":81,"column":54}},"40":{"start":{"line":84,"column":32},"end":{"line":84,"column":78}},"41":{"start":{"line":85,"column":12},"end":{"line":85,"column":46}},"42":{"start":{"line":89,"column":8},"end":{"line":89,"column":24}},"43":{"start":{"line":90,"column":8},"end":{"line":90,"column":18}},"44":{"start":{"line":98,"column":0},"end":{"line":138,"column":3}},"45":{"start":{"line":98,"column":127},"end":{"line":138,"column":2}},"46":{"start":{"line":99,"column":25},"end":{"line":99,"column":46}},"47":{"start":{"line":101,"column":6},"end":{"line":137,"column":7}},"48":{"start":{"line":102,"column":31},"end":{"line":102,"column":77}},"49":{"start":{"line":104,"column":26},"end":{"line":104,"column":86}},"50":{"start":{"line":104,"column":48},"end":{"line":104,"column":60}},"51":{"start":{"line":104,"column":72},"end":{"line":104,"column":85}},"52":{"start":{"line":107,"column":28},"end":{"line":107,"column":100}},"53":{"start":{"line":110,"column":30},"end":{"line":110,"column":83}},"54":{"start":{"line":111,"column":8},"end":{"line":113,"column":11}},"55":{"start":{"line":112,"column":16},"end":{"line":112,"column":106}},"56":{"start":{"line":116,"column":25},"end":{"line":129,"column":11}},"57":{"start":{"line":116,"column":44},"end":{"line":129,"column":10}},"58":{"start":{"line":120,"column":31},"end":{"line":120,"column":69}},"59":{"start":{"line":121,"column":12},"end":{"line":124,"column":14}},"60":{"start":{"line":132,"column":8},"end":{"line":132,"column":39}},"61":{"start":{"line":134,"column":8},"end":{"line":134,"column":58}},"62":{"start":{"line":135,"column":8},"end":{"line":135,"column":71}},"63":{"start":{"line":136,"column":8},"end":{"line":136,"column":20}}},"fnMap":{"0":{"name":"(anonymous_14)","decl":{"start":{"line":21,"column":21},"end":{"line":21,"column":28}},"loc":{"start":{"line":21,"column":46},"end":{"line":38,"column":2}}},"1":{"name":"(anonymous_15)","decl":{"start":{"line":21,"column":46},"end":{"line":21,"column":null}},"loc":{"start":{"line":21,"column":46},"end":{"line":38,"column":1}}},"2":{"name":"(anonymous_16)","decl":{"start":{"line":43,"column":26},"end":{"line":43,"column":33}},"loc":{"start":{"line":43,"column":51},"end":{"line":56,"column":2}}},"3":{"name":"(anonymous_17)","decl":{"start":{"line":43,"column":51},"end":{"line":43,"column":null}},"loc":{"start":{"line":43,"column":51},"end":{"line":56,"column":1}}},"4":{"name":"(anonymous_18)","decl":{"start":{"line":59,"column":28},"end":{"line":59,"column":35}},"loc":{"start":{"line":59,"column":51},"end":{"line":68,"column":2}}},"5":{"name":"(anonymous_19)","decl":{"start":{"line":59,"column":51},"end":{"line":59,"column":null}},"loc":{"start":{"line":59,"column":51},"end":{"line":68,"column":1}}},"6":{"name":"(anonymous_20)","decl":{"start":{"line":74,"column":23},"end":{"line":74,"column":30}},"loc":{"start":{"line":74,"column":48},"end":{"line":92,"column":2}}},"7":{"name":"(anonymous_21)","decl":{"start":{"line":74,"column":48},"end":{"line":74,"column":null}},"loc":{"start":{"line":74,"column":48},"end":{"line":92,"column":1}}},"8":{"name":"(anonymous_22)","decl":{"start":{"line":98,"column":30},"end":{"line":98,"column":37}},"loc":{"start":{"line":98,"column":127},"end":{"line":138,"column":2}}},"9":{"name":"(anonymous_23)","decl":{"start":{"line":98,"column":127},"end":{"line":98,"column":null}},"loc":{"start":{"line":98,"column":127},"end":{"line":138,"column":1}}},"10":{"name":"(anonymous_24)","decl":{"start":{"line":104,"column":40},"end":{"line":104,"column":44}},"loc":{"start":{"line":104,"column":48},"end":{"line":104,"column":60}}},"11":{"name":"(anonymous_25)","decl":{"start":{"line":104,"column":66},"end":{"line":104,"column":68}},"loc":{"start":{"line":104,"column":72},"end":{"line":104,"column":85}}},"12":{"name":"(anonymous_26)","decl":{"start":{"line":111,"column":28},"end":{"line":111,"column":34}},"loc":{"start":{"line":111,"column":37},"end":{"line":113,"column":9}}},"13":{"name":"(anonymous_27)","decl":{"start":{"line":116,"column":35},"end":{"line":116,"column":39}},"loc":{"start":{"line":116,"column":44},"end":{"line":129,"column":10}}},"14":{"name":"(anonymous_28)","decl":{"start":{"line":119,"column":36},"end":{"line":119,"column":44}},"loc":{"start":{"line":119,"column":47},"end":{"line":125,"column":11}}}},"branchMap":{"0":{"loc":{"start":{"line":27,"column":8},"end":{"line":31,"column":9}},"type":"if","locations":[{"start":{"line":27,"column":8},"end":{"line":31,"column":9}},{"start":{"line":29,"column":15},"end":{"line":31,"column":9}}]},"1":{"loc":{"start":{"line":45,"column":4},"end":{"line":47,"column":5}},"type":"if","locations":[{"start":{"line":45,"column":4},"end":{"line":47,"column":5}}]},"2":{"loc":{"start":{"line":79,"column":8},"end":{"line":86,"column":9}},"type":"if","locations":[{"start":{"line":79,"column":8},"end":{"line":86,"column":9}},{"start":{"line":83,"column":13},"end":{"line":86,"column":9}}]},"3":{"loc":{"start":{"line":123,"column":24},"end":{"line":123,"column":80}},"type":"cond-expr","locations":[{"start":{"line":123,"column":37},"end":{"line":123,"column":56}},{"start":{"line":123,"column":59},"end":{"line":123,"column":80}}]}},"s":{"0":7,"1":7,"2":7,"3":7,"4":7,"5":0,"6":0,"7":0,"8":0,"9":0,"10":0,"11":0,"12":0,"13":0,"14":7,"15":0,"16":0,"17":0,"18":0,"19":0,"20":0,"21":0,"22":0,"23":0,"24":7,"25":0,"26":0,"27":0,"28":0,"29":0,"30":0,"31":0,"32":7,"33":0,"34":0,"35":0,"36":0,"37":0,"38":0,"39":0,"40":0,"41":0,"42":0,"43":0,"44":7,"45":0,"46":0,"47":0,"48":0,"49":0,"50":0,"51":0,"52":0,"53":0,"54":0,"55":0,"56":0,"57":0,"58":0,"59":0,"60":0,"61":0,"62":0,"63":0},"f":{"0":0,"1":0,"2":0,"3":0,"4":0,"5":0,"6":0,"7":0,"8":0,"9":0,"10":0,"11":0,"12":0,"13":0,"14":0},"b":{"0":[0,0],"1":[0],"2":[0,0],"3":[0,0]}}
,"C:\\Users\\tbrei\\Documents\\Studium\\Projekt\\newBack\\geo-pick-points-backend\\src\\routes\\user.ts": {"path":"C:\\Users\\tbrei\\Documents\\Studium\\Projekt\\newBack\\geo-pick-points-backend\\src\\routes\\user.ts","statementMap":{"0":{"start":{"line":1,"column":0},"end":{"line":1,"column":30}},"1":{"start":{"line":2,"column":0},"end":{"line":2,"column":55}},"2":{"start":{"line":4,"column":13},"end":{"line":4,"column":43}},"3":{"start":{"line":9,"column":0},"end":{"line":20,"column":3}},"4":{"start":{"line":9,"column":46},"end":{"line":20,"column":2}},"5":{"start":{"line":10,"column":4},"end":{"line":17,"column":5}},"6":{"start":{"line":12,"column":24},"end":{"line":12,"column":62}},"7":{"start":{"line":13,"column":8},"end":{"line":13,"column":38}},"8":{"start":{"line":15,"column":8},"end":{"line":15,"column":153}},"9":{"start":{"line":16,"column":8},"end":{"line":16,"column":18}},"10":{"start":{"line":27,"column":0},"end":{"line":41,"column":3}},"11":{"start":{"line":27,"column":51},"end":{"line":41,"column":2}},"12":{"start":{"line":28,"column":19},"end":{"line":28,"column":29}},"13":{"start":{"line":30,"column":4},"end":{"line":40,"column":5}},"14":{"start":{"line":31,"column":27},"end":{"line":31,"column":59}},"15":{"start":{"line":32,"column":8},"end":{"line":35,"column":9}},"16":{"start":{"line":33,"column":12},"end":{"line":33,"column":73}},"17":{"start":{"line":34,"column":12},"end":{"line":34,"column":19}},"18":{"start":{"line":36,"column":8},"end":{"line":36,"column":31}},"19":{"start":{"line":38,"column":8},"end":{"line":38,"column":79}},"20":{"start":{"line":39,"column":8},"end":{"line":39,"column":18}},"21":{"start":{"line":47,"column":0},"end":{"line":61,"column":3}},"22":{"start":{"line":47,"column":48},"end":{"line":61,"column":2}},"23":{"start":{"line":48,"column":19},"end":{"line":48,"column":29}},"24":{"start":{"line":50,"column":4},"end":{"line":60,"column":5}},"25":{"start":{"line":51,"column":21},"end":{"line":51,"column":54}},"26":{"start":{"line":52,"column":8},"end":{"line":55,"column":9}},"27":{"start":{"line":53,"column":12},"end":{"line":53,"column":73}},"28":{"start":{"line":54,"column":12},"end":{"line":54,"column":19}},"29":{"start":{"line":56,"column":8},"end":{"line":56,"column":35}},"30":{"start":{"line":58,"column":8},"end":{"line":58,"column":79}},"31":{"start":{"line":59,"column":8},"end":{"line":59,"column":18}},"32":{"start":{"line":63,"column":0},"end":{"line":82,"column":3}},"33":{"start":{"line":63,"column":58},"end":{"line":82,"column":2}},"34":{"start":{"line":64,"column":4},"end":{"line":81,"column":5}},"35":{"start":{"line":65,"column":26},"end":{"line":65,"column":34}},"36":{"start":{"line":68,"column":27},"end":{"line":68,"column":63}},"37":{"start":{"line":70,"column":8},"end":{"line":73,"column":9}},"38":{"start":{"line":71,"column":12},"end":{"line":71,"column":85}},"39":{"start":{"line":72,"column":12},"end":{"line":72,"column":19}},"40":{"start":{"line":75,"column":8},"end":{"line":75,"column":75}},"41":{"start":{"line":77,"column":8},"end":{"line":79,"column":19}},"42":{"start":{"line":80,"column":8},"end":{"line":80,"column":18}}},"fnMap":{"0":{"name":"(anonymous_14)","decl":{"start":{"line":9,"column":21},"end":{"line":9,"column":28}},"loc":{"start":{"line":9,"column":46},"end":{"line":20,"column":2}}},"1":{"name":"(anonymous_15)","decl":{"start":{"line":9,"column":46},"end":{"line":9,"column":null}},"loc":{"start":{"line":9,"column":46},"end":{"line":20,"column":1}}},"2":{"name":"(anonymous_16)","decl":{"start":{"line":27,"column":26},"end":{"line":27,"column":33}},"loc":{"start":{"line":27,"column":51},"end":{"line":41,"column":2}}},"3":{"name":"(anonymous_17)","decl":{"start":{"line":27,"column":51},"end":{"line":27,"column":null}},"loc":{"start":{"line":27,"column":51},"end":{"line":41,"column":1}}},"4":{"name":"(anonymous_18)","decl":{"start":{"line":47,"column":23},"end":{"line":47,"column":30}},"loc":{"start":{"line":47,"column":48},"end":{"lin
[...]
xpr","locations":[{"start":{"line":2,"column":17},"end":{"line":2,"column":21}},{"start":{"line":2,"column":25},"end":{"line":2,"column":39}},{"start":{"line":2,"column":44},"end":{"line":10,"column":1}}],"line":2},"1":{"loc":{"start":{"line":3,"column":35},"end":{"line":3,"column":109}},"type":"cond-expr","locations":[{"start":{"line":3,"column":56},"end":{"line":3,"column":61}},{"start":{"line":3,"column":64},"end":{"line":3,"column":109}}],"line":3},"2":{"loc":{"start":{"line":4,"column":16},"end":{"line":4,"column":34}},"type":"binary-expr","locations":[{"start":{"line":4,"column":16},"end":{"line":4,"column":17}},{"start":{"line":4,"column":22},"end":{"line":4,"column":33}}],"line":4},"3":{"loc":{"start":{"line":7,"column":32},"end":{"line":7,"column":115}},"type":"cond-expr","locations":[{"start":{"line":7,"column":46},"end":{"line":7,"column":67}},{"start":{"line":7,"column":70},"end":{"line":7,"column":115}}],"line":7},"4":{"loc":{"start":{"line":8,"column":51},"end":{"line":8,"column":67}},"type":"binary-expr","locations":[{"start":{"line":8,"column":51},"end":{"line":8,"column":61}},{"start":{"line":8,"column":65},"end":{"line":8,"column":67}}],"line":8},"5":{"loc":{"start":{"line":11,"column":18},"end":{"line":37,"column":1}},"type":"binary-expr","locations":[{"start":{"line":11,"column":19},"end":{"line":11,"column":23}},{"start":{"line":11,"column":27},"end":{"line":11,"column":43}},{"start":{"line":11,"column":48},"end":{"line":37,"column":1}}],"line":11},"6":{"loc":{"start":{"line":12,"column":43},"end":{"line":12,"column":68}},"type":"if","locations":[{"start":{"line":12,"column":43},"end":{"line":12,"column":68}},{"start":{},"end":{}}],"line":12},"7":{"loc":{"start":{"line":13,"column":71},"end":{"line":13,"column":153}},"type":"binary-expr","locations":[{"start":{"line":13,"column":71},"end":{"line":13,"column":99}},{"start":{"line":13,"column":104},"end":{"line":13,"column":152}}],"line":13},"8":{"loc":{"start":{"line":16,"column":8},"end":{"line":16,"column":70}},"type":"if","locations":[{"start":{"line":16,"column":8},"end":{"line":16,"column":70}},{"start":{},"end":{}}],"line":16},"9":{"loc":{"start":{"line":18,"column":12},"end":{"line":18,"column":169}},"type":"if","locations":[{"start":{"line":18,"column":12},"end":{"line":18,"column":169}},{"start":{},"end":{}}],"line":18},"10":{"loc":{"start":{"line":18,"column":23},"end":{"line":18,"column":158}},"type":"binary-expr","locations":[{"start":{"line":18,"column":23},"end":{"line":18,"column":24}},{"start":{"line":18,"column":29},"end":{"line":18,"column":125}},{"start":{"line":18,"column":130},"end":{"line":18,"column":158}}],"line":18},"11":{"loc":{"start":{"line":18,"column":33},"end":{"line":18,"column":125}},"type":"cond-expr","locations":[{"start":{"line":18,"column":45},"end":{"line":18,"column":56}},{"start":{"line":18,"column":59},"end":{"line":18,"column":125}}],"line":18},"12":{"loc":{"start":{"line":18,"column":59},"end":{"line":18,"column":125}},"type":"cond-expr","locations":[{"start":{"line":18,"column":67},"end":{"line":18,"column":116}},{"start":{"line":18,"column":119},"end":{"line":18,"column":125}}],"line":18},"13":{"loc":{"start":{"line":18,"column":67},"end":{"line":18,"column":116}},"type":"binary-expr","locations":[{"start":{"line":18,"column":67},"end":{"line":18,"column":77}},{"start":{"line":18,"column":82},"end":{"line":18,"column":115}}],"line":18},"14":{"loc":{"start":{"line":18,"column":82},"end":{"line":18,"column":112}},"type":"binary-expr","locations":[{"start":{"line":18,"column":83},"end":{"line":18,"column":98}},{"start":{"line":18,"column":103},"end":{"line":18,"column":112}}],"line":18},"15":{"loc":{"start":{"line":19,"column":12},"end":{"line":19,"column":52}},"type":"if","locations":[{"start":{"line":19,"column":12},"end":{"line":19,"column":52}},{"start":{},"end":{}}],"line":19},"16":{"loc":{"start":{"line":20,"column":12},"end":{"line":32,"column":13}},"type":"switch","locations":[{"start":{"line":21,"column":16},"end":{"line":21,"column":23}},{"start":{"line":21,"column":24},"end":{"line":21,"column":46}},{"start":{"line":22,"column":16},"end":{"line":22,"column":72}},{"start":{"line":23,"column":16},"end":{"line":23,"column":65}},{"start":{"line":24,"column":16},"end":{"line":24,"column":65}},{"start":{"line":25,"column":16},"end":{"line":31,"column":43}}],"line":20},"17":{"loc":{"start":{"line":26,"column":20},"end":{"line":26,"column":128}},"type":"if","locations":[{"start":{"line":26,"column":20},"end":{"line":26,"column":128}},{"start":{},"end":{}}],"line":26},"18":{"loc":{"start":{"line":26,"column":24},"end":{"line":26,"column":106}},"type":"binary-expr","locations":[{"start":{"line":26,"column":24},"end":{"line":26,"column":74}},{"start":{"line":26,"column":79},"end":{"line":26,"column":90}},{"start":{"line":26,"column":94},"end":{"line":26,"column":105}}],"line":26},"19":{"loc":{"start":{"line":26,"column":42},"end":{"line":26,"column":73}},"type":"binary-expr","locations":[{"start":{"line":26,"column":42},"end":{"line":26,"column":54}},{"start":{"line":26,"column":58},"end":{"line":26,"column":73}}],"line":26},"20":{"loc":{"start":{"line":27,"column":20},"end":{"line":27,"column":106}},"type":"if","locations":[{"start":{"line":27,"column":20},"end":{"line":27,"column":106}},{"start":{},"end":{}}],"line":27},"21":{"loc":{"start":{"line":27,"column":24},"end":{"line":27,"column":77}},"type":"binary-expr","locations":[{"start":{"line":27,"column":24},"end":{"line":27,"column":35}},{"start":{"line":27,"column":40},"end":{"line":27,"column":42}},{"start":{"line":27,"column":47},"end":{"line":27,"column":59}},{"start":{"line":27,"column":63},"end":{"line":27,"column":75}}],"line":27},"22":{"loc":{"start":{"line":28,"column":20},"end":{"line":28,"column":89}},"type":"if","locations":[{"start":{"line":28,"column":20},"end":{"line":28,"column":89}},{"start":{},"end":{}}],"line":28},"23":{"loc":{"start":{"line":28,"column":24},"end":{"line":28,"column":53}},"type":"binary-expr","locations":[{"start":{"line":28,"column":24},"end":{"line":28,"column":35}},{"start":{"line":28,"column":39},"end":{"line":28,"column":53}}],"line":28},"24":{"loc":{"start":{"line":29,"column":20},"end":{"line":29,"column":87}},"type":"if","locations":[{"start":{"line":29,"column":20},"end":{"line":29,"column":87}},{"start":{},"end":{}}],"line":29},"25":{"loc":{"start":{"line":29,"column":24},"end":{"line":29,"column":43}},"type":"binary-expr","locations":[{"start":{"line":29,"column":24},"end":{"line":29,"column":25}},{"start":{"line":29,"column":29},"end":{"line":29,"column":43}}],"line":29},"26":{"loc":{"start":{"line":30,"column":20},"end":{"line":30,"column":42}},"type":"if","locations":[{"start":{"line":30,"column":20},"end":{"line":30,"column":42}},{"start":{},"end":{}}],"line":30},"27":{"loc":{"start":{"line":35,"column":8},"end":{"line":35,"column":35}},"type":"if","locations":[{"start":{"line":35,"column":8},"end":{"line":35,"column":35}},{"start":{},"end":{}}],"line":35},"28":{"loc":{"start":{"line":35,"column":52},"end":{"line":35,"column":74}},"type":"cond-expr","locations":[{"start":{"line":35,"column":60},"end":{"line":35,"column":65}},{"start":{"line":35,"column":68},"end":{"line":35,"column":74}}],"line":35},"29":{"loc":{"start":{"line":38,"column":21},"end":{"line":44,"column":1}},"type":"binary-expr","locations":[{"start":{"line":38,"column":22},"end":{"line":38,"column":26}},{"start":{"line":38,"column":30},"end":{"line":38,"column":49}},{"start":{"line":38,"column":54},"end":{"line":44,"column":1}}],"line":38},"30":{"loc":{"start":{"line":58,"column":12},"end":{"line":113,"column":13}},"type":"switch","locations":[{"start":{"line":59,"column":16},"end":{"line":65,"column":95}},{"start":{"line":66,"column":16},"end":{"line":73,"column":44}},{"start":{"line":74,"column":16},"end":{"line":74,"column":80}},{"start":{"line":75,"column":16},"end":{"line":85,"column":33}},{"start":{"line":86,"column":16},"end":{"line":94,"column":54}},{"start":{"line":95,"column":16},"end":{"line":107,"column":27}},{"start":{"line":108,"column":16},"end":{"line":111,"column":71}},{"start":{"line":112,"column":16},"end":{"line":112,"column":46}}],"line":58},"31":{"loc":{"start":{"line":64,"column":20},"end":{"line":64,"column":61}},"type":"if","locations":[{"start":{"line":64,"column":20},"end":{"line":64,"column":61}},{"start":{},"end":{}}],"line":64},"32":{"loc":{"start":{"line":68,"column":20},"end":{"line":72,"column":21}},"type":"if","locations":[{"start":{"line":68,"column":20},"end":{"line":72,"column":21}},{"start":{},"end":{}}],"line":68},"33":{"loc":{"start":{"line":70,"column":35},"end":{"line":70,"column":62}},"type":"binary-expr","locations":[{"start":{"line":70,"column":35},"end":{"line":70,"column":56}},{"start":{"line":70,"column":60},"end":{"line":70,"column":62}}],"line":70},"34":{"loc":{"start":{"line":77,"column":20},"end":{"line":84,"column":21}},"type":"if","locations":[{"start":{"line":77,"column":20},"end":{"line":84,"column":21}},{"start":{"line":82,"column":25},"end":{"line":84,"column":21}}],"line":77},"35":{"loc":{"start":{"line":77,"column":24},"end":{"line":77,"column":69}},"type":"binary-expr","locations":[{"start":{"line":77,"column":24},"end":{"line":77,"column":50}},{"start":{"line":77,"column":54},"end":{"line":77,"column":69}}],"line":77},"36":{"loc":{"start":{"line":125,"column":12},"end":{"line":133,"column":13}},"type":"switch","locations":[{"start":{"line":126,"column":16},"end":{"line":126,"column":92}},{"start":{"line":127,"column":16},"end":{"line":132,"column":42}}],"line":125},"37":{"loc":{"start":{"line":129,"column":20},"end":{"line":131,"column":21}},"type":"if","locations":[{"start":{"line":129,"column":20},"end":{"line":131,"column":21}},{"start":{},"end":{}}],"line":129},"38":{"loc":{"start":{"line":145,"column":12},"end":{"line":159,"column":13}},"type":"switch","locations":[{"start":{"line":146,"column":16},"end":{"line":148,"column":83}},{"start":{"line":149,"column":16},"end":{"line":154,"column":113}},{"start":{"line":155,"column":16},"end":{"line":157,"column":79}},{"start":{"line":158,"column":16},"end":{"line":158,"column":46}}],"line":145},"39":{"loc":{"start":{"line":151,"column":20},"end":{"line":153,"column":21}},"type":"if","locations":[{"start":{"line":151,"column":20},"end":{"line":153,"column":21}},{"start":{},"end":{}}],"line":151},"40":{"loc":{"start":{"line":171,"column":12},"end":{"line":190,"column":13}},"type":"switch","locations":[{"start":{"line":172,"column":16},"end":{"line":174,"column":83}},{"start":{"line":175,"column":16},"end":{"line":182,"column":54}},{"start":{"line":183,"column":16},"end":{"line":185,"column":55}},{"start":{"line":186,"column":16},"end":{"line":188,"column":78}},{"start":{"line":189,"column":16},"end":{"line":189,"column":46}}],"line":171},"41":{"loc":{"start":{"line":177,"column":20},"end":{"line":179,"column":21}},"type":"if","locations":[{"start":{"line":177,"column":20},"end":{"line":179,"column":21}},{"start":{},"end":{}}],"line":177},"42":{"loc":{"start":{"line":202,"column":12},"end":{"line":224,"column":13}},"type":"switch","locations":[{"start":{"line":203,"column":16},"end":{"line":205,"column":83}},{"start":{"line":206,"column":16},"end":{"line":216,"column":54}},{"start":{"line":217,"column":16},"end":{"line":219,"column":55}},{"start":{"line":220,"column":16},"end":{"line":222,"column":87}},{"start":{"line":223,"column":16},"end":{"line":223,"column":46}}],"line":202},"43":{"loc":{"start":{"line":208,"column":20},"end":{"line":210,"column":21}},"type":"if","locations":[{"start":{"line":208,"column":20},"end":{"line":210,"column":21}},{"start":{},"end":{}}],"line":208},"44":{"loc":{"start":{"line":233,"column":12},"end":{"line":255,"column":13}},"type":"switch","locations":[{"start":{"line":234,"column":16},"end":{"line":236,"column":83}},{"start":{"line":237,"column":16},"end":{"line":247,"column":54}},{"start":{"line":248,"column":16},"end":{"line":250,"column":55}},{"start":{"line":251,"column":16},"end":{"line":253,"column":81}},{"start":{"line":254,"column":16},"end":{"line":254,"column":46}}],"line":233},"45":{"loc":{"start":{"line":239,"column":20},"end":{"line":241,"column":21}},"type":"if","locations":[{"start":{"line":239,"column":20},"end":{"line":241,"column":21}},{"start":{},"end":{}}],"line":239},"46":{"loc":{"start":{"line":264,"column":12},"end":{"line":293,"column":13}},"type":"switch","locations":[{"start":{"line":265,"column":16},"end":{"line":267,"column":83}},{"start":{"line":268,"column":16},"end":{"line":285,"column":54}},{"start":{"line":286,"column":16},"end":{"line":288,"column":55}},{"start":{"line":289,"column":16},"end":{"line":291,"column":85}},{"start":{"line":292,"column":16},"end":{"line":292,"column":46}}],"line":264},"47":{"loc":{"start":{"line":270,"column":20},"end":{"line":272,"column":21}},"type":"if","locations":[{"start":{"line":270,"column":20},"end":{"line":272,"column":21}},{"start":{},"end":{}}],"line":270},"48":{"loc":{"start":{"line":274,"column":20},"end":{"line":284,"column":21}},"type":"if","locations":[{"start":{"line":274,"column":20},"end":{"line":284,"column":21}},{"start":{"line":277,"column":25},"end":{"line":284,"column":21}}],"line":274},"49":{"loc":{"start":{"line":277,"column":25},"end":{"line":284,"column":21}},"type":"if","locations":[{"start":{"line":277,"column":25},"end":{"line":284,"column":21}},{"start":{"line":282,"column":25},"end":{"line":284,"column":21}}],"line":277},"50":{"loc":{"start":{"line":278,"column":24},"end":{"line":280,"column":25}},"type":"if","locations":[{"start":{"line":278,"column":24},"end":{"line":280,"column":25}},{"start":{},"end":{}}],"line":278},"51":{"loc":{"start":{"line":302,"column":12},"end":{"line":314,"column":13}},"type":"switch","locations":[{"start":{"line":303,"column":16},"end":{"line":305,"column":92}},{"start":{"line":306,"column":16},"end":{"line":308,"column":49}},{"start":{"line":309,"column":16},"end":{"line":312,"column":34}},{"start":{"line":313,"column":16},"end":{"line":313,"column":46}}],"line":302},"52":{"loc":{"start":{"line":323,"column":12},"end":{"line":340,"column":13}},"type":"switch","locations":[{"start":{"line":324,"column":16},"end":{"line":324,"column":83}},{"start":{"line":325,"column":16},"end":{"line":339,"column":27}}],"line":323},"53":{"loc":{"start":{"line":327,"column":20},"end":{"line":329,"column":21}},"type":"if","locations":[{"start":{"line":327,"column":20},"end":{"line":329,"column":21}},{"start":{},"end":{}}],"line":327},"54":{"loc":{"start":{"line":349,"column":12},"end":{"line":368,"column":13}},"type":"switch","locations":[{"start":{"line":350,"column":16},"end":{"line":352,"column":97}},{"start":{"line":353,"column":16},"end":{"line":367,"column":27}}],"line":349},"55":{"loc":{"start":{"line":355,"column":20},"end":{"line":357,"column":21}},"type":"if","locations":[{"start":{"line":355,"column":20},"end":{"line":357,"column":21}},{"start":{},"end":{}}],"line":355}},"s":{"0":0,"1":0,"2":0,"3":0,"4":0,"5":0,"6":0,"7":0,"8":0,"9":0,"10":0,"11":0,"12":0,"13":0,"14":0,"15":0,"16":0,"17":0,"18":0,"19":0,"20":0,"21":0,"22":0,"23":0,"24":0,"25":0,"26":0,"27":0,"28":0,"29":0,"30":0,"31":0,"32":0,"33":0,"34":0,"35":0,"36":0,"37":0,"38":0,"39":0,"40":0,"41":0,"42":0,"43":0,"44":0,"45":0,"46":0,"47":0,"48":0,"49":0,"50":0,"51":0,"52":0,"53":0,"54":0,"55":0,"56":0,"57":0,"58":0,"59":0,"60":0,"61":0,"62":0,"63":0,"64":0,"65":0,"66":0,"67":0,"68":0,"69":0,"70":0,"71":0,"72":0,"73":0,"74":0,"75":0,"76":0,"77":0,"78":0,"79":0,"80":0,"81":0,"82":0,"83":0,"84":0,"85":0,"86":0,"87":0,"88":0,"89":0,"90":0,"91":0,"92":0,"93":0,"94":0,"95":0,"96":0,"97":0,"98":0,"99":0,"100":0,"101":0,"102":0,"103":0,"104":0,"105":0,"106":0,"107":0,"108":0,"109":0,"110":0,"111":0,"112":0,"113":0,"114":0,"115":0,"116":0,"117":0,"118":0,"119":0,"120":0,"121":0,"122":0,"123":0,"124":0,"125":0,"126":0,"127":0,"128":0,"129":0,"130":0,"131":0,"132":0,"133":0,"134":0,"135":0,"136":0,"137":0,"138":0,"139":0,"140":0,"141":0,"142":0,"143":0,"144":0,"145":0,"146":0,"147":0,"148":0,"149":0,"150":0,"151":0,"152":0,"153":0,"154":0,"155":0,"156":0,"157":0,"158":0,"159":0,"160":0,"161":0,"162":0,"163":0,"164":0,"165":0,"166":0,"167":0,"168":0,"169":0,"170":0,"171":0,"172":0,"173":0,"174":0,"175":0,"176":0,"177":0,"178":0,"179":0,"180":0,"181":0,"182":0,"183":0,"184":0,"185":0,"186":0,"187":0,"188":0,"189":0,"190":0,"191":0,"192":0,"193":0,"194":0,"195":0,"196":0,"197":0,"198":0,"199":0,"200":0,"201":0,"202":0,"203":0,"204":0,"205":0,"206":0,"207":0,"208":0,"209":0,"210":0,"211":0,"212":0,"213":0,"214":0,"215":0,"216":0,"217":0,"218":0,"219":0,"220":0,"221":0,"222":0,"223":0,"224":0,"225":0,"226":0,"227":0,"228":0,"229":0,"230":0,"231":0,"232":0,"233":0,"234":0,"235":0,"236":0,"237":0,"238":0,"239":0,"240":0,"241":0,"242":0,"243":0,"244":0,"245":0,"246":0,"247":0,"248":0,"249":0,"250":0,"251":0,"252":0,"253":0,"254":0,"255":0,"256":0,"257":0,"258":0,"259":0,"260":0,"261":0,"262":0},"f":{"0":0,"1":0,"2":0,"3":0,"4":0,"5":0,"6":0,"7":0,"8":0,"9":0,"10":0,"11":0,"12":0,"13":0,"14":0,"15":0,"16":0,"17":0,"18":0,"19":0,"20":0,"21":0,"22":0,"23":0,"24":0,"25":0,"26":0,"27":0,"28":0,"29":0,"30":0,"31":0,"32":0,"33":0,"34":0,"35":0,"36":0,"37":0,"38":0,"39":0,"40":0,"41":0,"42":0,"43":0,"44":0,"45":0,"46":0,"47":0,"48":0,"49":0,"50":0,"51":0,"52":0,"53":0,"54":0,"55":0,"56":0},"b":{"0":[0,0,0],"1":[0,0],"2":[0,0],"3":[0,0],"4":[0,0],"5":[0,0,0],"6":[0,0],"7":[0,0],"8":[0,0],"9":[0,0],"10":[0,0,0],"11":[0,0],"12":[0,0],"13":[0,0],"14":[0,0],"15":[0,0],"16":[0,0,0,0,0,0],"17":[0,0],"18":[0,0,0],"19":[0,0],"20":[0,0],"21":[0,0,0,0],"22":[0,0],"23":[0,0],"24":[0,0],"25":[0,0],"26":[0,0],"27":[0,0],"28":[0,0],"29":[0,0,0],"30":[0,0,0,0,0,0,0,0],"31":[0,0],"32":[0,0],"33":[0,0],"34":[0,0],"35":[0,0],"36":[0,0],"37":[0,0],"38":[0,0,0,0],"39":[0,0],"40":[0,0,0,0,0],"41":[0,0],"42":[0,0,0,0,0],"43":[0,0],"44":[0,0,0,0,0],"45":[0,0],"46":[0,0,0,0,0],"47":[0,0],"48":[0,0],"49":[0,0],"50":[0,0],"51":[0,0,0,0],"52":[0,0],"53":[0,0],"54":[0,0],"55":[0,0]},"inputSourceMap":null}
,"C:\\Users\\tbrei\\Documents\\Studium\\Projekt\\newBack\\geo-pick-points-backend\\src\\utils\\Qacodegenerate.ts": {"path":"C:\\Users\\tbrei\\Documents\\Studium\\Projekt\\newBack\\geo-pick-points-backend\\src\\utils\\Qacodegenerate.ts","statementMap":{"0":{"start":{"line":4,"column":0},"end":{"line":4,"column":22}},"1":{"start":{"line":23,"column":0},"end":{"line":23,"column":16}},"2":{"start":{"line":1,"column":0},"end":{"line":1,"column":33}},"3":{"start":{"line":6,"column":4},"end":{"line":19,"column":5}},"4":{"start":{"line":7,"column":27},"end":{"line":7,"column":47}},"5":{"start":{"line":8,"column":26},"end":{"line":8,"column":79}},"6":{"start":{"line":10,"column":25},"end":{"line":10,"column":82}},"7":{"start":{"line":12,"column":30},"end":{"line":12,"column":63}},"8":{"start":{"line":14,"column":8},"end":{"line":14,"column":53}},"9":{"start":{"line":17,"column":8},"end":{"line":17,"column":69}},"10":{"start":{"line":18,"column":8},"end":{"line":18,"column":63}},"11":{"start":{"line":24,"column":23},"end":{"line":24,"column":61}},"12":{"start":{"line":25,"column":21},"end":{"line":25,"column":23}},"13":{"start":{"line":26,"column":4},"end":{"line":28,"column":5}},"14":{"start":{"line":26,"column":17},"end":{"line":26,"column":18}},"15":{"start":{"line":27,"column":8},"end":{"line":27,"column":87}},"16":{"start":{"line":29,"column":4},"end":{"line":29,"column":22}}},"fnMap":{"0":{"name":"generateQAcode","decl":{"start":{"line":4,"column":22},"end":{"line":4,"column":36}},"loc":{"start":{"line":4,"column":36},"end":{"line":20,"column":null}}},"1":{"name":"generateUniqueCode","decl":{"start":{"line":23,"column":16},"end":{"line":23,"column":34}},"loc":{"start":{"line":23,"column":34},"end":{"line":30,"column":1}}}},"branchMap":{},"s":{"0":7,"1":7,"2":7,"3":0,"4":0,"5":0,"6":0,"7":0,"8":0,"9":0,"10":0,"11":0,"12":0,"13":0,"14":0,"15":0,"16":0},"f":{"0":0,"1":0},"b":{}}
}
