TN:
SF:src\app.ts
FN:26,(anonymous_1)
FN:39,(anonymous_2)
FNF:2
FNH:1
FNDA:19,(anonymous_1)
FNDA:0,(anonymous_2)
DA:1,7
DA:2,7
DA:4,7
DA:5,7
DA:6,7
DA:7,7
DA:8,7
DA:9,7
DA:10,7
DA:11,7
DA:12,7
DA:15,7
DA:16,7
DA:18,7
DA:19,7
DA:20,7
DA:21,7
DA:23,7
DA:26,7
DA:28,19
DA:29,19
DA:33,19
DA:34,19
DA:35,19
DA:39,7
DA:40,0
DA:44,7
DA:45,7
DA:46,7
DA:47,7
DA:48,7
DA:49,7
DA:50,7
DA:51,7
DA:52,7
DA:55,7
LF:36
LH:35
BRF:0
BRH:0
end_of_record
TN:
SF:src\index.ts
FN:16,createExampleGame
FN:74,broadcast
FN:76,(anonymous_17)
FN:83,setup
FN:96,(anonymous_20)
FN:111,(anonymous_21)
FN:115,(anonymous_22)
FN:157,(anonymous_23)
FN:166,startHttpServer
FN:167,(anonymous_25)
FN:172,(anonymous_26)
FN:175,(anonymous_27)
FN:186,(anonymous_28)
FN:188,(anonymous_29)
FNF:14
FNH:0
FNDA:0,createExampleGame
FNDA:0,broadcast
FNDA:0,(anonymous_17)
FNDA:0,setup
FNDA:0,(anonymous_20)
FNDA:0,(anonymous_21)
FNDA:0,(anonymous_22)
FNDA:0,(anonymous_23)
FNDA:0,startHttpServer
FNDA:0,(anonymous_25)
FNDA:0,(anonymous_26)
FNDA:0,(anonymous_27)
FNDA:0,(anonymous_28)
FNDA:0,(anonymous_29)
DA:1,0
DA:2,0
DA:4,0
DA:5,0
DA:6,0
DA:9,0
DA:10,0
DA:11,0
DA:12,0
DA:17,0
DA:18,0
DA:19,0
DA:20,0
DA:21,0
DA:22,0
DA:23,0
DA:24,0
DA:26,0
DA:27,0
DA:28,0
DA:29,0
DA:30,0
DA:32,0
DA:33,0
DA:34,0
DA:35,0
DA:36,0
DA:37,0
DA:38,0
DA:39,0
DA:41,0
DA:42,0
DA:43,0
DA:44,0
DA:45,0
DA:47,0
DA:69,0
DA:72,0
DA:75,0
DA:76,0
DA:77,0
DA:78,0
DA:84,0
DA:85,0
DA:86,0
DA:88,0
DA:89,0
DA:90,0
DA:91,0
DA:94,0
DA:95,0
DA:96,0
DA:97,0
DA:98,0
DA:101,0
DA:102,0
DA:104,0
DA:106,0
DA:107,0
DA:109,0
DA:111,0
DA:112,0
DA:113,0
DA:115,0
DA:116,0
DA:117,0
DA:118,0
DA:119,0
DA:121,0
DA:122,0
DA:123,0
DA:129,0
DA:130,0
DA:131,0
DA:137,0
DA:138,0
DA:143,0
DA:144,0
DA:147,0
DA:148,0
DA:153,0
DA:157,0
DA:158,0
DA:159,0
DA:167,0
DA:168,0
DA:172,0
DA:173,0
DA:174,0
DA:175,0
DA:176,0
DA:177,0
DA:180,0
DA:184,0
DA:186,0
DA:187,0
DA:188,0
DA:189,0
DA:190,0
DA:195,0
LF:100
LH:0
BRDA:77,0,0,0
BRDA:89,1,0,0
BRDA:94,2,0,0
BRDA:106,3,0,0
BRDA:106,3,1,0
BRDA:121,4,0,0
BRDA:121,4,1,0
BRDA:129,5,0,0
BRDA:129,5,1,0
BRDA:137,6,0,0
BRDA:137,6,1,0
BRDA:143,7,0,0
BRDA:143,7,1,0
BRDA:147,8,0,0
BRDA:173,9,0,0
BRDA:173,9,1,0
BRDA:173,10,0,0
BRDA:173,10,1,0
BRF:18
BRH:0
end_of_record
TN:
SF:src\dist\Resources.js
FNF:0
FNH:0
DA:2,0
LF:1
LH:0
BRF:0
BRH:0
end_of_record
TN:
SF:src\model\GameInstanceModel.ts
FNF:0
FNH:0
DA:1,9
DA:12,9
DA:39,9
LF:3
LH:3
BRF:0
BRH:0
end_of_record
TN:
SF:src\model\GameModel.ts
FNF:0
FNH:0
DA:1,11
DA:12,11
DA:31,11
LF:3
LH:3
BRF:0
BRH:0
end_of_record
TN:
SF:src\model\POIListsModel.ts
FNF:0
FNH:0
DA:1,9
DA:9,9
DA:19,9
LF:3
LH:3
BRF:0
BRH:0
end_of_record
TN:
SF:src\model\POIModel.ts
FNF:0
FNH:0
DA:1,9
DA:11,9
DA:21,9
LF:3
LH:3
BRF:0
BRH:0
end_of_record
TN:
SF:src\model\PlayerModel.ts
FNF:0
FNH:0
DA:1,9
DA:12,9
DA:26,9
LF:3
LH:3
BRF:0
BRH:0
end_of_record
TN:
SF:src\model\TeamModel.ts
FNF:0
FNH:0
DA:1,11
DA:13,11
DA:23,11
LF:3
LH:3
BRF:0
BRH:0
end_of_record
TN:
SF:src\model\UserModel.ts
FN:35,(anonymous_8)
FN:43,(anonymous_10)
FNF:2
FNH:1
FNDA:4,(anonymous_8)
FNDA:0,(anonymous_10)
DA:1,11
DA:2,11
DA:22,11
DA:35,11
DA:36,4
DA:37,4
DA:38,4
DA:43,11
DA:44,0
DA:47,11
LF:10
LH:9
BRDA:36,0,0,4
BRF:1
BRH:1
end_of_record
TN:
SF:src\model\dist\TeamModel.js
FNF:0
FNH:0
DA:2,0
DA:3,0
DA:4,0
DA:5,0
DA:14,0
LF:5
LH:0
BRF:0
BRH:0
end_of_record
TN:
SF:src\routes\Authentication.ts
FN:14,requiresAuthentication
FN:39,optionalAuthentication
FNF:2
FNH:0
FNDA:0,requiresAuthentication
FNDA:0,optionalAuthentication
DA:2,0
DA:3,0
DA:14,0
DA:15,0
DA:16,0
DA:19,0
DA:21,0
DA:22,0
DA:25,0
DA:26,0
DA:28,0
DA:30,0
DA:32,0
DA:33,0
DA:35,0
DA:39,0
DA:40,0
DA:42,0
DA:43,0
DA:46,0
DA:47,0
DA:48,0
DA:49,0
DA:51,0
LF:24
LH:0
BRDA:15,0,0,0
BRDA:21,1,0,0
BRDA:32,2,0,0
BRDA:40,3,0,0
BRDA:40,3,1,0
BRDA:40,4,0,0
BRDA:40,4,1,0
BRDA:42,5,0,0
BRF:8
BRH:0
end_of_record
TN:
SF:src\routes\AuthenticationRoutes.ts
FN:7,(anonymous_8)
FN:7,(anonymous_9)
FNF:2
FNH:0
FNDA:0,(anonymous_8)
FNDA:0,(anonymous_9)
DA:1,7
DA:2,7
DA:4,7
DA:7,7
DA:8,0
DA:10,0
DA:12,0
DA:14,0
DA:15,0
DA:18,0
DA:22,0
DA:23,0
DA:26,0
LF:13
LH:4
BRDA:14,0,0,0
BRDA:14,0,1,0
BRDA:22,1,0,0
BRDA:22,1,1,0
BRF:4
BRH:0
end_of_record
TN:
SF:src\routes\POI.ts
FN:10,(anonymous_8)
FN:10,(anonymous_9)
FN:23,(anonymous_10)
FN:23,(anonymous_11)
FN:41,(anonymous_12)
FN:41,(anonymous_13)
FN:59,(anonymous_14)
FN:59,(anonymous_15)
FN:79,(anonymous_16)
FN:79,(anonymous_17)
FN:90,(anonymous_18)
FN:90,(anonymous_19)
FN:151,calculateDistance
FN:152,(anonymous_21)
FNF:14
FNH:8
FNDA:1,(anonymous_8)
FNDA:1,(anonymous_9)
FNDA:1,(anonymous_10)
FNDA:1,(anonymous_11)
FNDA:1,(anonymous_12)
FNDA:1,(anonymous_13)
FNDA:0,(anonymous_14)
FNDA:0,(anonymous_15)
FNDA:1,(anonymous_16)
FNDA:1,(anonymous_17)
FNDA:0,(anonymous_18)
FNDA:0,(anonymous_19)
FNDA:0,calculateDistance
FNDA:0,(anonymous_21)
DA:1,7
DA:2,7
DA:3,7
DA:5,7
DA:10,7
DA:11,1
DA:12,1
DA:13,1
DA:15,0
DA:16,0
DA:23,7
DA:24,1
DA:25,1
DA:26,1
DA:29,1
DA:30,1
DA:31,1
DA:33,0
DA:34,0
DA:41,7
DA:42,1
DA:43,1
DA:44,1
DA:47,1
DA:48,1
DA:49,1
DA:51,0
DA:52,0
DA:59,7
DA:60,0
DA:61,0
DA:62,0
DA:63,0
DA:64,0
DA:67,0
DA:68,0
DA:69,0
DA:71,0
DA:72,0
DA:79,7
DA:80,1
DA:81,1
DA:82,1
DA:84,0
DA:85,0
DA:90,7
DA:92,0
DA:94,0
DA:98,0
DA:99,0
DA:101,0
DA:102,0
DA:103,0
DA:104,0
DA:107,0
DA:109,0
DA:110,0
DA:112,0
DA:113,0
DA:114,0
DA:117,0
DA:118,0
DA:119,0
DA:120,0
DA:125,0
DA:127,0
DA:129,0
DA:130,0
DA:131,0
DA:132,0
DA:133,0
DA:134,0
DA:135,0
DA:136,0
DA:137,0
DA:139,0
DA:142,0
DA:145,0
DA:146,0
DA:152,0
DA:154,0
DA:155,0
DA:156,0
DA:159,0
DA:163,0
DA:164,0
DA:166,0
DA:171,7
LF:88
LH:29
BRDA:25,0,0,1
BRDA:43,1,0,1
BRDA:62,2,0,0
BRDA:98,3,0,0
BRDA:101,4,0,0
BRDA:119,5,0,0
BRDA:131,6,0,0
BRDA:131,6,1,0
BRDA:131,7,0,0
BRDA:131,7,1,0
BRDA:132,8,0,0
BRDA:132,8,1,0
BRF:12
BRH:2
end_of_record
TN:
SF:src\routes\POILists.ts
FN:9,(anonymous_14)
FN:9,(anonymous_15)
FN:23,(anonymous_16)
FN:23,(anonymous_17)
FN:41,(anonymous_18)
FN:41,(anonymous_19)
FNF:6
FNH:6
FNDA:1,(anonymous_14)
FNDA:1,(anonymous_15)
FNDA:1,(anonymous_16)
FNDA:1,(anonymous_17)
FNDA:2,(anonymous_18)
FNDA:2,(anonymous_19)
DA:1,7
DA:2,7
DA:4,7
DA:9,7
DA:10,1
DA:11,1
DA:12,1
DA:13,1
DA:15,0
DA:16,0
DA:23,7
DA:24,1
DA:25,1
DA:26,1
DA:27,1
DA:28,1
DA:30,0
DA:32,0
DA:33,0
DA:41,7
DA:42,2
DA:43,2
DA:44,2
DA:45,2
DA:46,2
DA:48,0
DA:50,0
DA:51,0
LF:28
LH:20
BRDA:12,0,0,1
BRDA:12,0,1,0
BRDA:26,1,0,1
BRDA:44,2,0,2
BRF:4
BRH:3
end_of_record
TN:
SF:src\routes\game.ts
FN:9,(anonymous_14)
FN:9,(anonymous_15)
FN:22,(anonymous_16)
FN:22,(anonymous_17)
FN:41,(anonymous_18)
FN:41,(anonymous_19)
FN:60,(anonymous_20)
FN:60,(anonymous_21)
FN:77,(anonymous_22)
FN:77,(anonymous_23)
FNF:10
FNH:6
FNDA:1,(anonymous_14)
FNDA:1,(anonymous_15)
FNDA:2,(anonymous_16)
FNDA:2,(anonymous_17)
FNDA:1,(anonymous_18)
FNDA:1,(anonymous_19)
FNDA:0,(anonymous_20)
FNDA:0,(anonymous_21)
FNDA:0,(anonymous_22)
FNDA:0,(anonymous_23)
DA:1,7
DA:2,7
DA:4,7
DA:9,7
DA:10,1
DA:11,1
DA:12,1
DA:14,0
DA:15,0
DA:22,7
DA:23,2
DA:25,2
DA:26,2
DA:27,2
DA:28,2
DA:29,2
DA:31,0
DA:33,0
DA:34,0
DA:41,7
DA:42,1
DA:44,1
DA:45,1
DA:46,0
DA:47,0
DA:48,0
DA:50,0
DA:52,1
DA:53,1
DA:60,7
DA:61,0
DA:62,0
DA:63,0
DA:64,0
DA:65,0
DA:67,0
DA:69,0
DA:70,0
DA:77,7
DA:78,0
DA:80,0
DA:81,0
DA:82,0
DA:83,0
DA:84,0
DA:85,0
DA:87,0
DA:88,0
DA:90,0
DA:92,0
DA:93,0
LF:51
LH:22
BRDA:27,0,0,2
BRDA:46,1,0,0
BRDA:63,2,0,0
BRDA:83,3,0,0
BRDA:87,4,0,0
BRF:5
BRH:1
end_of_record
TN:
SF:src\routes\gameInstance.ts
FN:10,(anonymous_8)
FN:10,(anonymous_9)
FN:23,(anonymous_10)
FN:23,(anonymous_11)
FN:37,(anonymous_12)
FN:37,(anonymous_13)
FN:44,(anonymous_14)
FN:44,(anonymous_15)
FN:59,(anonymous_16)
FN:59,(anonymous_17)
FNF:10
FNH:0
FNDA:0,(anonymous_8)
FNDA:0,(anonymous_9)
FNDA:0,(anonymous_10)
FNDA:0,(anonymous_11)
FNDA:0,(anonymous_12)
FNDA:0,(anonymous_13)
FNDA:0,(anonymous_14)
FNDA:0,(anonymous_15)
FNDA:0,(anonymous_16)
FNDA:0,(anonymous_17)
DA:1,7
DA:2,7
DA:5,7
DA:10,7
DA:11,0
DA:12,0
DA:13,0
DA:15,0
DA:16,0
DA:23,7
DA:24,0
DA:25,0
DA:26,0
DA:27,0
DA:29,0
DA:30,0
DA:37,7
DA:38,0
DA:44,7
DA:45,0
DA:46,0
DA:47,0
DA:48,0
DA:50,0
DA:51,0
DA:59,7
DA:60,0
DA:63,7
LF:28
LH:9
BRF:0
BRH:0
end_of_record
TN:
SF:src\routes\login.ts
FN:26,(anonymous_8)
FN:26,(anonymous_9)
FN:76,(anonymous_10)
FN:76,(anonymous_11)
FN:111,(anonymous_12)
FNF:5
FNH:2
FNDA:0,(anonymous_8)
FNDA:0,(anonymous_9)
FNDA:1,(anonymous_10)
FNDA:1,(anonymous_11)
FNDA:0,(anonymous_12)
DA:1,7
DA:2,7
DA:3,7
DA:4,7
DA:5,7
DA:9,7
DA:12,7
DA:15,7
DA:16,7
DA:22,7
DA:26,0
DA:27,0
DA:29,0
DA:30,0
DA:31,0
DA:32,0
DA:35,0
DA:37,0
DA:39,0
DA:42,0
DA:50,0
DA:55,0
DA:56,0
DA:57,0
DA:58,0
DA:60,0
DA:64,0
DA:76,7
DA:77,1
DA:78,1
DA:80,1
DA:81,1
DA:82,1
DA:85,0
DA:88,0
DA:93,0
DA:96,0
DA:102,0
DA:111,7
DA:112,0
DA:113,0
DA:118,0
DA:120,0
DA:121,0
LF:44
LH:17
BRDA:16,0,0,7
BRDA:16,0,1,6
BRDA:30,1,0,0
BRDA:55,2,0,0
BRDA:55,2,1,0
BRDA:57,3,0,0
BRDA:57,3,1,0
BRDA:57,4,0,0
BRDA:57,4,1,0
BRDA:80,5,0,1
BRF:10
BRH:3
end_of_record
TN:
SF:src\routes\player.ts
FN:15,(anonymous_14)
FN:15,(anonymous_15)
FN:28,(anonymous_16)
FN:28,(anonymous_17)
FN:46,(anonymous_18)
FN:46,(anonymous_19)
FN:65,(anonymous_20)
FN:65,(anonymous_21)
FN:88,(anonymous_22)
FN:88,(anonymous_23)
FNF:10
FNH:4
FNDA:3,(anonymous_14)
FNDA:3,(anonymous_15)
FNDA:1,(anonymous_16)
FNDA:1,(anonymous_17)
FNDA:0,(anonymous_18)
FNDA:0,(anonymous_19)
FNDA:0,(anonymous_20)
FNDA:0,(anonymous_21)
FNDA:0,(anonymous_22)
FNDA:0,(anonymous_23)
DA:1,7
DA:2,7
DA:9,7
DA:15,7
DA:16,3
DA:17,3
DA:18,0
DA:20,3
DA:21,3
DA:28,7
DA:29,1
DA:30,1
DA:31,1
DA:34,1
DA:35,1
DA:36,0
DA:38,1
DA:39,1
DA:46,7
DA:47,0
DA:48,0
DA:49,0
DA:52,0
DA:53,0
DA:54,0
DA:56,0
DA:57,0
DA:65,7
DA:66,0
DA:67,0
DA:68,0
DA:70,0
DA:71,0
DA:72,0
DA:75,0
DA:76,0
DA:80,0
DA:81,0
DA:88,7
DA:89,0
DA:90,0
DA:91,0
DA:92,0
DA:94,0
LF:44
LH:19
BRDA:30,0,0,1
BRDA:48,1,0,0
BRDA:70,2,0,0
BRDA:70,2,1,0
BRF:4
BRH:1
end_of_record
TN:
SF:src\routes\team.ts
FN:21,(anonymous_14)
FN:21,(anonymous_15)
FN:43,(anonymous_16)
FN:43,(anonymous_17)
FN:59,(anonymous_18)
FN:59,(anonymous_19)
FN:74,(anonymous_20)
FN:74,(anonymous_21)
FN:98,(anonymous_22)
FN:98,(anonymous_23)
FN:104,(anonymous_24)
FN:104,(anonymous_25)
FN:111,(anonymous_26)
FN:116,(anonymous_27)
FN:119,(anonymous_28)
FNF:15
FNH:0
FNDA:0,(anonymous_14)
FNDA:0,(anonymous_15)
FNDA:0,(anonymous_16)
FNDA:0,(anonymous_17)
FNDA:0,(anonymous_18)
FNDA:0,(anonymous_19)
FNDA:0,(anonymous_20)
FNDA:0,(anonymous_21)
FNDA:0,(anonymous_22)
FNDA:0,(anonymous_23)
FNDA:0,(anonymous_24)
FNDA:0,(anonymous_25)
FNDA:0,(anonymous_26)
FNDA:0,(anonymous_27)
FNDA:0,(anonymous_28)
DA:1,7
DA:2,7
DA:4,7
DA:14,7
DA:21,7
DA:23,0
DA:25,0
DA:27,0
DA:28,0
DA:30,0
DA:32,0
DA:35,0
DA:36,0
DA:43,7
DA:44,0
DA:45,0
DA:46,0
DA:49,0
DA:50,0
DA:51,0
DA:53,0
DA:54,0
DA:59,7
DA:60,0
DA:61,0
DA:62,0
DA:63,0
DA:65,0
DA:66,0
DA:74,7
DA:75,0
DA:76,0
DA:77,0
DA:79,0
DA:80,0
DA:81,0
DA:84,0
DA:85,0
DA:89,0
DA:90,0
DA:98,7
DA:99,0
DA:101,0
DA:102,0
DA:104,0
DA:107,0
DA:110,0
DA:111,0
DA:112,0
DA:116,0
DA:120,0
DA:121,0
DA:132,0
DA:134,0
DA:135,0
DA:136,0
LF:56
LH:9
BRDA:27,0,0,0
BRDA:27,0,1,0
BRDA:45,1,0,0
BRDA:79,2,0,0
BRDA:79,2,1,0
BRDA:123,3,0,0
BRDA:123,3,1,0
BRF:7
BRH:0
end_of_record
TN:
SF:src\routes\user.ts
FN:9,(anonymous_14)
FN:9,(anonymous_15)
FN:27,(anonymous_16)
FN:27,(anonymous_17)
FN:47,(anonymous_18)
FN:47,(anonymous_19)
FN:63,(anonymous_20)
FN:63,(anonymous_21)
FNF:8
FNH:4
FNDA:1,(anonymous_14)
FNDA:1,(anonymous_15)
FNDA:1,(anonymous_16)
FNDA:1,(anonymous_17)
FNDA:0,(anonymous_18)
FNDA:0,(anonymous_19)
FNDA:0,(anonymous_20)
FNDA:0,(anonymous_21)
DA:1,7
DA:2,7
DA:4,7
DA:9,7
DA:10,1
DA:12,1
DA:13,0
DA:15,1
DA:16,1
DA:27,7
DA:28,1
DA:30,1
DA:31,1
DA:32,1
DA:33,1
DA:34,1
DA:36,0
DA:38,0
DA:39,0
DA:47,7
DA:48,0
DA:50,0
DA:51,0
DA:52,0
DA:53,0
DA:54,0
DA:56,0
DA:58,0
DA:59,0
DA:63,7
DA:64,0
DA:65,0
DA:68,0
DA:70,0
DA:71,0
DA:72,0
DA:75,0
DA:77,0
DA:80,0
LF:39
LH:17
BRDA:32,0,0,1
BRDA:52,1,0,0
BRDA:70,2,0,0
BRF:3
BRH:1
end_of_record
TN:
SF:src\routes\dist\POI.js
FN:2,(anonymous_0)
FN:3,adopt
FN:3,(anonymous_2)
FN:4,(anonymous_3)
FN:5,fulfilled
FN:6,rejected
FN:7,step
FN:11,(anonymous_7)
FN:12,(anonymous_8)
FN:13,(anonymous_9)
FN:14,verb
FN:14,(anonymous_11)
FN:15,step
FN:38,(anonymous_13)
FN:54,(anonymous_14)
FN:54,(anonymous_15)
FN:56,(anonymous_16)
FN:77,(anonymous_17)
FN:77,(anonymous_18)
FN:79,(anonymous_19)
FN:106,(anonymous_20)
FN:106,(anonymous_21)
FN:108,(anonymous_22)
FN:135,(anonymous_23)
FN:135,(anonymous_24)
FN:137,(anonymous_25)
FN:166,(anonymous_26)
FN:166,(anonymous_27)
FN:168,(anonymous_28)
FN:186,(anonymous_29)
FN:186,(anonymous_30)
FN:188,(anonymous_31)
FN:266,calculateDistance
FN:267,(anonymous_33)
FNF:34
FNH:0
FNDA:0,(anonymous_0)
FNDA:0,adopt
FNDA:0,(anonymous_2)
FNDA:0,(anonymous_3)
FNDA:0,fulfilled
FNDA:0,rejected
FNDA:0,step
FNDA:0,(anonymous_7)
FNDA:0,(anonymous_8)
FNDA:0,(anonymous_9)
FNDA:0,verb
FNDA:0,(anonymous_11)
FNDA:0,step
FNDA:0,(anonymous_13)
FNDA:0,(anonymous_14)
FNDA:0,(anonymous_15)
FNDA:0,(anonymous_16)
FNDA:0,(anonymous_17)
FNDA:0,(anonymous_18)
FNDA:0,(anonymous_19)
FNDA:0,(anonymous_20)
FNDA:0,(anonymous_21)
FNDA:0,(anonymous_22)
FNDA:0,(anonymous_23)
FNDA:0,(anonymous_24)
FNDA:0,(anonymous_25)
FNDA:0,(anonymous_26)
FNDA:0,(anonymous_27)
FNDA:0,(anonymous_28)
FNDA:0,(anonymous_29)
FNDA:0,(anonymous_30)
FNDA:0,(anonymous_31)
FNDA:0,calculateDistance
FNDA:0,(anonymous_33)
DA:2,0
DA:3,0
DA:4,0
DA:5,0
DA:6,0
DA:7,0
DA:8,0
DA:11,0
DA:12,0
DA:13,0
DA:14,0
DA:16,0
DA:17,0
DA:18,0
DA:19,0
DA:20,0
DA:21,0
DA:22,0
DA:23,0
DA:24,0
DA:26,0
DA:27,0
DA:28,0
DA:29,0
DA:30,0
DA:31,0
DA:33,0
DA:34,0
DA:35,0
DA:38,0
DA:39,0
DA:40,0
DA:41,0
DA:42,0
DA:43,0
DA:45,0
DA:46,0
DA:47,0
DA:48,0
DA:49,0
DA:50,0
DA:54,0
DA:56,0
DA:57,0
DA:59,0
DA:60,0
DA:62,0
DA:63,0
DA:64,0
DA:66,0
DA:67,0
DA:68,0
DA:69,0
DA:70,0
DA:77,0
DA:79,0
DA:80,0
DA:82,0
DA:83,0
DA:84,0
DA:86,0
DA:88,0
DA:89,0
DA:91,0
DA:92,0
DA:93,0
DA:95,0
DA:96,0
DA:97,0
DA:98,0
DA:99,0
DA:106,0
DA:108,0
DA:109,0
DA:111,0
DA:112,0
DA:113,0
DA:115,0
DA:117,0
DA:118,0
DA:120,0
DA:121,0
DA:122,0
DA:124,0
DA:125,0
DA:126,0
DA:127,0
DA:128,0
DA:135,0
DA:137,0
DA:138,0
DA:140,0
DA:141,0
DA:142,0
DA:143,0
DA:144,0
DA:146,0
DA:148,0
DA:149,0
DA:151,0
DA:152,0
DA:153,0
DA:155,0
DA:156,0
DA:157,0
DA:158,0
DA:159,0
DA:166,0
DA:168,0
DA:169,0
DA:171,0
DA:172,0
DA:174,0
DA:175,0
DA:176,0
DA:178,0
DA:179,0
DA:180,0
DA:181,0
DA:182,0
DA:186,0
DA:188,0
DA:189,0
DA:191,0
DA:192,0
DA:193,0
DA:194,0
DA:196,0
DA:197,0
DA:198,0
DA:199,0
DA:201,0
DA:203,0
DA:204,0
DA:205,0
DA:206,0
DA:207,0
DA:209,0
DA:210,0
DA:211,0
DA:212,0
DA:213,0
DA:215,0
DA:216,0
DA:217,0
DA:219,0
DA:220,0
DA:222,0
DA:223,0
DA:224,0
DA:225,0
DA:226,0
DA:229,0
DA:231,0
DA:232,0
DA:233,0
DA:235,0
DA:236,0
DA:237,0
DA:238,0
DA:239,0
DA:240,0
DA:241,0
DA:243,0
DA:244,0
DA:246,0
DA:247,0
DA:248,0
DA:250,0
DA:251,0
DA:252,0
DA:254,0
DA:255,0
DA:256,0
DA:258,0
DA:259,0
DA:260,0
DA:261,0
DA:262,0
DA:267,0
DA:268,0
DA:269,0
DA:270,0
DA:271,0
DA:274,0
DA:275,0
DA:276,0
DA:278,0
LF:188
LH:0
BRDA:2,0,0,0
BRDA:2,0,1,0
BRDA:2,0,2,0
BRDA:3,1,0,0
BRDA:3,1,1,0
BRDA:4,2,0,0
BRDA:4,2,1,0
BRDA:7,3,0,0
BRDA:7,3,1,0
BRDA:8,4,0,0
BRDA:8,4,1,0
BRDA:11,5,0,0
BRDA:11,5,1,0
BRDA:11,5,2,0
BRDA:12,6,0,0
BRDA:12,6,1,0
BRDA:13,7,0,0
BRDA:13,7,1,0
BRDA:16,8,0,0
BRDA:16,8,1,0
BRDA:18,9,0,0
BRDA:18,9,1,0
BRDA:18,10,0,0
BRDA:18,10,1,0
BRDA:18,10,2,0
BRDA:18,11,0,0
BRDA:18,11,1,0
BRDA:18,12,0,0
BRDA:18,12,1,0
BRDA:18,13,0,0
BRDA:18,13,1,0
BRDA:18,14,0,0
BRDA:18,14,1,0
BRDA:19,15,0,0
BRDA:19,15,1,0
BRDA:20,16,0,0
BRDA:20,16,1,0
BRDA:20,16,2,0
BRDA:20,16,3,0
BRDA:20,16,4,0
BRDA:20,16,5,0
BRDA:26,17,0,0
BRDA:26,17,1,0
BRDA:26,18,0,0
BRDA:26,18,1,0
BRDA:26,18,2,0
BRDA:26,19,0,0
BRDA:26,19,1,0
BRDA:27,20,0,0
BRDA:27,20,1,0
BRDA:27,21,0,0
BRDA:27,21,1,0
BRDA:27,21,2,0
BRDA:27,21,3,0
BRDA:28,22,0,0
BRDA:28,22,1,0
BRDA:28,23,0,0
BRDA:28,23,1,0
BRDA:29,24,0,0
BRDA:29,24,1,0
BRDA:29,25,0,0
BRDA:29,25,1,0
BRDA:30,26,0,0
BRDA:30,26,1,0
BRDA:35,27,0,0
BRDA:35,27,1,0
BRDA:35,28,0,0
BRDA:35,28,1,0
BRDA:38,29,0,0
BRDA:38,29,1,0
BRDA:38,29,2,0
BRDA:57,30,0,0
BRDA:57,30,1,0
BRDA:57,30,2,0
BRDA:57,30,3,0
BRDA:80,31,0,0
BRDA:80,31,1,0
BRDA:80,31,2,0
BRDA:80,31,3,0
BRDA:80,31,4,0
BRDA:83,32,0,0
BRDA:83,32,1,0
BRDA:109,33,0,0
BRDA:109,33,1,0
BRDA:109,33,2,0
BRDA:109,33,3,0
BRDA:109,33,4,0
BRDA:112,34,0,0
BRDA:112,34,1,0
BRDA:138,35,0,0
BRDA:138,35,1,0
BRDA:138,35,2,0
BRDA:138,35,3,0
BRDA:138,35,4,0
BRDA:142,36,0,0
BRDA:142,36,1,0
BRDA:169,37,0,0
BRDA:169,37,1,0
BRDA:169,37,2,0
BRDA:169,37,3,0
BRDA:189,38,0,0
BRDA:189,38,1,0
BRDA:189,38,2,0
BRDA:189,38,3,0
BRDA:189,38,4,0
BRDA:189,38,5,0
BRDA:189,38,6,0
BRDA:189,38,7,0
BRDA:189,38,8,0
BRDA:189,38,9,0
BRDA:189,38,10,0
BRDA:189,38,11,0
BRDA:189,38,12,0
BRDA:189,38,13,0
BRDA:189,38,14,0
BRDA:189,38,15,0
BRDA:193,39,0,0
BRDA:193,39,1,0
BRDA:196,40,0,0
BRDA:196,40,1,0
BRDA:209,41,0,0
BRDA:209,41,1,0
BRDA:225,42,0,0
BRDA:225,42,1,0
BRDA:237,43,0,0
BRDA:237,43,1,0
BRDA:237,44,0,0
BRDA:237,44,1,0
BRDA:238,45,0,0
BRDA:238,45,1,0
BRF:130
BRH:0
end_of_record
TN:
SF:src\routes\dist\game.js
FN:2,(anonymous_0)
FN:3,adopt
FN:3,(anonymous_2)
FN:4,(anonymous_3)
FN:5,fulfilled
FN:6,rejected
FN:7,step
FN:11,(anonymous_7)
FN:12,(anonymous_8)
FN:13,(anonymous_9)
FN:14,verb
FN:14,(anonymous_11)
FN:15,step
FN:46,(anonymous_13)
FN:46,(anonymous_14)
FN:48,(anonymous_15)
FN:69,(anonymous_16)
FN:69,(anonymous_17)
FN:71,(anonymous_18)
FN:99,(anonymous_19)
FN:99,(anonymous_20)
FN:101,(anonymous_21)
FN:129,(anonymous_22)
FN:129,(anonymous_23)
FN:131,(anonymous_24)
FN:156,(anonymous_25)
FN:156,(anonymous_26)
FN:158,(anonymous_27)
FNF:28
FNH:0
FNDA:0,(anonymous_0)
FNDA:0,adopt
FNDA:0,(anonymous_2)
FNDA:0,(anonymous_3)
FNDA:0,fulfilled
FNDA:0,rejected
FNDA:0,step
FNDA:0,(anonymous_7)
FNDA:0,(anonymous_8)
FNDA:0,(anonymous_9)
FNDA:0,verb
FNDA:0,(anonymous_11)
FNDA:0,step
FNDA:0,(anonymous_13)
FNDA:0,(anonymous_14)
FNDA:0,(anonymous_15)
FNDA:0,(anonymous_16)
FNDA:0,(anonymous_17)
FNDA:0,(anonymous_18)
FNDA:0,(anonymous_19)
FNDA:0,(anonymous_20)
FNDA:0,(anonymous_21)
FNDA:0,(anonymous_22)
FNDA:0,(anonymous_23)
FNDA:0,(anonymous_24)
FNDA:0,(anonymous_25)
FNDA:0,(anonymous_26)
FNDA:0,(anonymous_27)
DA:2,0
DA:3,0
DA:4,0
DA:5,0
DA:6,0
DA:7,0
DA:8,0
DA:11,0
DA:12,0
DA:13,0
DA:14,0
DA:16,0
DA:17,0
DA:18,0
DA:19,0
DA:20,0
DA:21,0
DA:22,0
DA:23,0
DA:24,0
DA:26,0
DA:27,0
DA:28,0
DA:29,0
DA:30,0
DA:31,0
DA:33,0
DA:34,0
DA:35,0
DA:38,0
DA:39,0
DA:40,0
DA:41,0
DA:42,0
DA:46,0
DA:48,0
DA:49,0
DA:51,0
DA:52,0
DA:54,0
DA:55,0
DA:56,0
DA:58,0
DA:59,0
DA:60,0
DA:61,0
DA:62,0
DA:69,0
DA:71,0
DA:72,0
DA:74,0
DA:75,0
DA:77,0
DA:78,0
DA:80,0
DA:81,0
DA:82,0
DA:83,0
DA:85,0
DA:86,0
DA:88,0
DA:89,0
DA:90,0
DA:91,0
DA:92,0
DA:99,0
DA:101,0
DA:102,0
DA:104,0
DA:105,0
DA:107,0
DA:108,0
DA:110,0
DA:111,0
DA:112,0
DA:113,0
DA:115,0
DA:116,0
DA:118,0
DA:119,0
DA:120,0
DA:121,0
DA:122,0
DA:129,0
DA:131,0
DA:132,0
DA:134,0
DA:135,0
DA:137,0
DA:138,0
DA:139,0
DA:140,0
DA:142,0
DA:143,0
DA:145,0
DA:146,0
DA:147,0
DA:148,0
DA:149,0
DA:156,0
DA:158,0
DA:159,0
DA:161,0
DA:162,0
DA:164,0
DA:165,0
DA:167,0
DA:168,0
DA:169,0
DA:170,0
DA:171,0
DA:173,0
DA:174,0
DA:176,0
DA:177,0
DA:179,0
DA:180,0
DA:181,0
DA:182,0
DA:183,0
LF:120
LH:0
BRDA:2,0,0,0
BRDA:2,0,1,0
BRDA:2,0,2,0
BRDA:3,1,0,0
BRDA:3,1,1,0
BRDA:4,2,0,0
BRDA:4,2,1,0
BRDA:7,3,0,0
BRDA:7,3,1,0
BRDA:8,4,0,0
BRDA:8,4,1,0
BRDA:11,5,0,0
BRDA:11,5,1,0
BRDA:11,5,2,0
BRDA:12,6,0,0
BRDA:12,6,1,0
BRDA:13,7,0,0
BRDA:13,7,1,0
BRDA:16,8,0,0
BRDA:16,8,1,0
BRDA:18,9,0,0
BRDA:18,9,1,0
BRDA:18,10,0,0
BRDA:18,10,1,0
BRDA:18,10,2,0
BRDA:18,11,0,0
BRDA:18,11,1,0
BRDA:18,12,0,0
BRDA:18,12,1,0
BRDA:18,13,0,0
BRDA:18,13,1,0
BRDA:18,14,0,0
BRDA:18,14,1,0
BRDA:19,15,0,0
BRDA:19,15,1,0
BRDA:20,16,0,0
BRDA:20,16,1,0
BRDA:20,16,2,0
BRDA:20,16,3,0
BRDA:20,16,4,0
BRDA:20,16,5,0
BRDA:26,17,0,0
BRDA:26,17,1,0
BRDA:26,18,0,0
BRDA:26,18,1,0
BRDA:26,18,2,0
BRDA:26,19,0,0
BRDA:26,19,1,0
BRDA:27,20,0,0
BRDA:27,20,1,0
BRDA:27,21,0,0
BRDA:27,21,1,0
BRDA:27,21,2,0
BRDA:27,21,3,0
BRDA:28,22,0,0
BRDA:28,22,1,0
BRDA:28,23,0,0
BRDA:28,23,1,0
BRDA:29,24,0,0
BRDA:29,24,1,0
BRDA:29,25,0,0
BRDA:29,25,1,0
BRDA:30,26,0,0
BRDA:30,26,1,0
BRDA:35,27,0,0
BRDA:35,27,1,0
BRDA:35,28,0,0
BRDA:35,28,1,0
BRDA:49,29,0,0
BRDA:49,29,1,0
BRDA:49,29,2,0
BRDA:49,29,3,0
BRDA:72,30,0,0
BRDA:72,30,1,0
BRDA:72,30,2,0
BRDA:72,30,3,0
BRDA:72,30,4,0
BRDA:81,31,0,0
BRDA:81,31,1,0
BRDA:102,32,0,0
BRDA:102,32,1,0
BRDA:102,32,2,0
BRDA:102,32,3,0
BRDA:102,32,4,0
BRDA:111,33,0,0
BRDA:111,33,1,0
BRDA:132,34,0,0
BRDA:132,34,1,0
BRDA:132,34,2,0
BRDA:132,34,3,0
BRDA:138,35,0,0
BRDA:138,35,1,0
BRDA:159,36,0,0
BRDA:159,36,1,0
BRDA:159,36,2,0
BRDA:159,36,3,0
BRDA:159,36,4,0
BRDA:169,37,0,0
BRDA:169,37,1,0
BRDA:173,38,0,0
BRDA:173,38,1,0
BRF:101
BRH:0
end_of_record
TN:
SF:src\routes\dist\gameInstance.js
FN:2,(anonymous_0)
FN:3,adopt
FN:3,(anonymous_2)
FN:4,(anonymous_3)
FN:5,fulfilled
FN:6,rejected
FN:7,step
FN:11,(anonymous_7)
FN:12,(anonymous_8)
FN:13,(anonymous_9)
FN:14,verb
FN:14,(anonymous_11)
FN:15,step
FN:46,(anonymous_13)
FN:46,(anonymous_14)
FN:48,(anonymous_15)
FN:69,(anonymous_16)
FN:69,(anonymous_17)
FN:71,(anonymous_18)
FN:93,(anonymous_19)
FN:93,(anonymous_20)
FN:94,(anonymous_21)
FN:101,(anonymous_22)
FN:101,(anonymous_23)
FN:103,(anonymous_24)
FN:125,(anonymous_25)
FN:125,(anonymous_26)
FN:126,(anonymous_27)
FNF:28
FNH:0
FNDA:0,(anonymous_0)
FNDA:0,adopt
FNDA:0,(anonymous_2)
FNDA:0,(anonymous_3)
FNDA:0,fulfilled
FNDA:0,rejected
FNDA:0,step
FNDA:0,(anonymous_7)
FNDA:0,(anonymous_8)
FNDA:0,(anonymous_9)
FNDA:0,verb
FNDA:0,(anonymous_11)
FNDA:0,step
FNDA:0,(anonymous_13)
FNDA:0,(anonymous_14)
FNDA:0,(anonymous_15)
FNDA:0,(anonymous_16)
FNDA:0,(anonymous_17)
FNDA:0,(anonymous_18)
FNDA:0,(anonymous_19)
FNDA:0,(anonymous_20)
FNDA:0,(anonymous_21)
FNDA:0,(anonymous_22)
FNDA:0,(anonymous_23)
FNDA:0,(anonymous_24)
FNDA:0,(anonymous_25)
FNDA:0,(anonymous_26)
FNDA:0,(anonymous_27)
DA:2,0
DA:3,0
DA:4,0
DA:5,0
DA:6,0
DA:7,0
DA:8,0
DA:11,0
DA:12,0
DA:13,0
DA:14,0
DA:16,0
DA:17,0
DA:18,0
DA:19,0
DA:20,0
DA:21,0
DA:22,0
DA:23,0
DA:24,0
DA:26,0
DA:27,0
DA:28,0
DA:29,0
DA:30,0
DA:31,0
DA:33,0
DA:34,0
DA:35,0
DA:38,0
DA:39,0
DA:40,0
DA:41,0
DA:42,0
DA:46,0
DA:48,0
DA:49,0
DA:51,0
DA:52,0
DA:54,0
DA:55,0
DA:56,0
DA:58,0
DA:59,0
DA:60,0
DA:61,0
DA:62,0
DA:69,0
DA:71,0
DA:72,0
DA:74,0
DA:75,0
DA:76,0
DA:78,0
DA:79,0
DA:80,0
DA:82,0
DA:83,0
DA:84,0
DA:85,0
DA:86,0
DA:93,0
DA:94,0
DA:95,0
DA:101,0
DA:103,0
DA:104,0
DA:106,0
DA:107,0
DA:108,0
DA:110,0
DA:111,0
DA:112,0
DA:114,0
DA:115,0
DA:116,0
DA:117,0
DA:118,0
DA:125,0
DA:126,0
DA:127,0
DA:130,0
LF:82
LH:0
BRDA:2,0,0,0
BRDA:2,0,1,0
BRDA:2,0,2,0
BRDA:3,1,0,0
BRDA:3,1,1,0
BRDA:4,2,0,0
BRDA:4,2,1,0
BRDA:7,3,0,0
BRDA:7,3,1,0
BRDA:8,4,0,0
BRDA:8,4,1,0
BRDA:11,5,0,0
BRDA:11,5,1,0
BRDA:11,5,2,0
BRDA:12,6,0,0
BRDA:12,6,1,0
BRDA:13,7,0,0
BRDA:13,7,1,0
BRDA:16,8,0,0
BRDA:16,8,1,0
BRDA:18,9,0,0
BRDA:18,9,1,0
BRDA:18,10,0,0
BRDA:18,10,1,0
BRDA:18,10,2,0
BRDA:18,11,0,0
BRDA:18,11,1,0
BRDA:18,12,0,0
BRDA:18,12,1,0
BRDA:18,13,0,0
BRDA:18,13,1,0
BRDA:18,14,0,0
BRDA:18,14,1,0
BRDA:19,15,0,0
BRDA:19,15,1,0
BRDA:20,16,0,0
BRDA:20,16,1,0
BRDA:20,16,2,0
BRDA:20,16,3,0
BRDA:20,16,4,0
BRDA:20,16,5,0
BRDA:26,17,0,0
BRDA:26,17,1,0
BRDA:26,18,0,0
BRDA:26,18,1,0
BRDA:26,18,2,0
BRDA:26,19,0,0
BRDA:26,19,1,0
BRDA:27,20,0,0
BRDA:27,20,1,0
BRDA:27,21,0,0
BRDA:27,21,1,0
BRDA:27,21,2,0
BRDA:27,21,3,0
BRDA:28,22,0,0
BRDA:28,22,1,0
BRDA:28,23,0,0
BRDA:28,23,1,0
BRDA:29,24,0,0
BRDA:29,24,1,0
BRDA:29,25,0,0
BRDA:29,25,1,0
BRDA:30,26,0,0
BRDA:30,26,1,0
BRDA:35,27,0,0
BRDA:35,27,1,0
BRDA:35,28,0,0
BRDA:35,28,1,0
BRDA:49,29,0,0
BRDA:49,29,1,0
BRDA:49,29,2,0
BRDA:49,29,3,0
BRDA:72,30,0,0
BRDA:72,30,1,0
BRDA:72,30,2,0
BRDA:72,30,3,0
BRDA:104,31,0,0
BRDA:104,31,1,0
BRDA:104,31,2,0
BRDA:104,31,3,0
BRF:80
BRH:0
end_of_record
TN:
SF:src\services\AuthenticationService.ts
FN:9,login
FN:57,register
FN:77,authenticateToken
FNF:3
FNH:1
FNDA:1,login
FNDA:0,register
FNDA:0,authenticateToken
DA:1,9
DA:2,9
DA:3,9
DA:9,9
DA:11,1
DA:14,1
DA:15,1
DA:19,0
DA:20,0
DA:24,0
DA:25,0
DA:26,0
DA:30,0
DA:31,0
DA:32,0
DA:35,0
DA:46,0
DA:57,9
DA:58,0
DA:60,0
DA:61,0
DA:64,0
DA:70,0
DA:72,0
DA:77,9
DA:78,0
DA:79,0
DA:80,0
DA:84,0
LF:29
LH:9
BRDA:14,0,0,1
BRDA:19,1,0,0
BRDA:25,2,0,0
BRDA:31,3,0,0
BRDA:60,4,0,0
BRF:5
BRH:1
end_of_record
TN:
SF:src\services\GameInstanceService.ts
FN:8,createGameInstance
FN:15,(anonymous_9)
FN:27,(anonymous_10)
FN:34,updateGameInstanceStatus
FN:52,(anonymous_13)
FN:59,getGameInstanceById
FN:72,(anonymous_16)
FN:79,deleteGameInstance
FNF:8
FNH:1
FNDA:0,createGameInstance
FNDA:0,(anonymous_9)
FNDA:0,(anonymous_10)
FNDA:0,updateGameInstanceStatus
FNDA:0,(anonymous_13)
FNDA:0,getGameInstanceById
FNDA:0,(anonymous_16)
FNDA:1,deleteGameInstance
DA:1,8
DA:3,8
DA:8,8
DA:9,0
DA:15,0
DA:18,0
DA:20,0
DA:27,0
DA:34,8
DA:35,0
DA:41,0
DA:42,0
DA:45,0
DA:52,0
DA:59,8
DA:60,0
DA:61,0
DA:62,0
DA:65,0
DA:72,0
DA:79,8
DA:80,1
DA:81,1
DA:82,1
LF:24
LH:9
BRDA:41,0,0,0
BRDA:61,1,0,0
BRDA:81,2,0,1
BRF:3
BRH:1
end_of_record
TN:
SF:src\services\GameService.ts
FN:8,createGame
FN:13,(anonymous_10)
FN:25,(anonymous_11)
FN:38,deleteGame
FN:46,getGameById
FN:58,(anonymous_16)
FN:71,getGame
FN:83,(anonymous_19)
FNF:8
FNH:6
FNDA:3,createGame
FNDA:2,(anonymous_10)
FNDA:2,(anonymous_11)
FNDA:3,deleteGame
FNDA:3,getGameById
FNDA:1,(anonymous_16)
FNDA:0,getGame
FNDA:0,(anonymous_19)
DA:1,8
DA:2,8
DA:8,8
DA:9,3
DA:10,3
DA:13,2
DA:19,3
DA:21,3
DA:25,2
DA:31,0
DA:38,8
DA:39,3
DA:40,3
DA:46,8
DA:47,3
DA:48,3
DA:50,3
DA:51,2
DA:54,1
DA:58,1
DA:64,2
DA:71,8
DA:72,0
DA:73,0
DA:75,0
DA:76,0
DA:79,0
DA:83,0
DA:89,0
LF:29
LH:21
BRDA:13,0,0,1
BRDA:13,0,1,2
BRDA:13,1,0,3
BRDA:13,1,1,3
BRDA:16,2,0,3
BRDA:16,2,1,2
BRDA:25,3,0,0
BRDA:25,3,1,3
BRDA:25,4,0,3
BRDA:25,4,1,3
BRDA:28,5,0,3
BRDA:28,5,1,2
BRDA:50,6,0,2
BRDA:57,7,0,1
BRDA:57,7,1,0
BRDA:58,8,0,0
BRDA:58,8,1,1
BRDA:58,9,0,1
BRDA:58,9,1,1
BRDA:75,10,0,0
BRDA:82,11,0,0
BRDA:82,11,1,0
BRDA:83,12,0,0
BRDA:83,12,1,0
BRDA:83,13,0,0
BRDA:83,13,1,0
BRF:26
BRH:16
end_of_record
TN:
SF:src\services\JWTService.ts
FN:7,verifyPasswordAndCreateJWT
FN:35,verifyJWT
FNF:2
FNH:1
FNDA:0,verifyPasswordAndCreateJWT
FNDA:4,verifyJWT
DA:1,9
DA:2,9
DA:7,9
DA:8,0
DA:9,0
DA:11,0
DA:12,0
DA:15,0
DA:16,0
DA:17,0
DA:20,0
DA:24,0
DA:29,0
DA:35,9
DA:36,4
DA:38,4
DA:39,2
DA:42,2
DA:43,0
DA:46,2
DA:47,2
DA:48,1
DA:53,1
LF:23
LH:12
BRDA:9,0,0,0
BRDA:9,0,1,0
BRDA:11,1,0,0
BRDA:16,2,0,0
BRDA:38,3,0,2
BRDA:42,4,0,0
BRF:6
BRH:1
end_of_record
TN:
SF:src\services\POILists.Service.ts
FN:8,createPOIList
FN:11,(anonymous_9)
FN:20,getPOIListById
FN:28,(anonymous_12)
FN:39,deletePOIList
FNF:5
FNH:4
FNDA:2,createPOIList
FNDA:4,(anonymous_9)
FNDA:1,getPOIListById
FNDA:0,(anonymous_12)
FNDA:4,deletePOIList
DA:2,8
DA:3,8
DA:8,8
DA:9,2
DA:11,4
DA:14,2
DA:20,8
DA:21,1
DA:22,1
DA:23,1
DA:25,0
DA:28,0
DA:31,0
DA:32,0
DA:39,8
DA:40,4
DA:41,4
LF:17
LH:13
BRDA:23,0,0,1
BRF:1
BRH:1
end_of_record
TN:
SF:src\services\POIService.ts
FN:8,createPOI
FN:32,deletePOI
FN:39,getPOIById
FN:55,getPOIByIdandTeam
FN:64,(anonymous_15)
FN:78,getAllPOIs
FN:80,(anonymous_18)
FN:91,calculatePoints
FNF:8
FNH:5
FNDA:2,createPOI
FNDA:3,deletePOI
FNDA:3,getPOIById
FNDA:0,getPOIByIdandTeam
FNDA:0,(anonymous_15)
FNDA:2,getAllPOIs
FNDA:3,(anonymous_18)
FNDA:0,calculatePoints
DA:1,8
DA:3,8
DA:8,8
DA:9,2
DA:17,2
DA:19,2
DA:32,8
DA:33,3
DA:34,3
DA:35,1
DA:39,8
DA:40,3
DA:41,3
DA:42,1
DA:44,2
DA:55,8
DA:56,0
DA:57,0
DA:58,0
DA:60,0
DA:61,0
DA:62,0
DA:64,0
DA:65,0
DA:66,0
DA:67,0
DA:68,0
DA:78,8
DA:79,2
DA:80,3
DA:92,0
DA:93,0
DA:96,0
DA:97,0
DA:98,0
DA:100,0
LF:36
LH:19
BRDA:34,0,0,1
BRDA:41,1,0,1
BRDA:57,2,0,0
BRDA:61,3,0,0
BRDA:92,4,0,0
BRF:5
BRH:2
end_of_record
TN:
SF:src\services\PlayerService.ts
FN:10,getAllPlayers
FN:13,(anonymous_10)
FN:33,getPlayer
FN:67,createPlayer
FN:91,deletePlayer
FN:102,updateDeletePlayerInTeam
FN:139,updatePlayer
FN:180,getPlayersByTeam
FN:187,(anonymous_23)
FNF:9
FNH:5
FNDA:1,getAllPlayers
FNDA:2,(anonymous_10)
FNDA:1,getPlayer
FNDA:6,createPlayer
FNDA:3,deletePlayer
FNDA:0,updateDeletePlayerInTeam
FNDA:0,updatePlayer
FNDA:0,getPlayersByTeam
FNDA:0,(anonymous_23)
DA:1,8
DA:3,8
DA:4,8
DA:10,8
DA:11,1
DA:13,2
DA:21,1
DA:33,8
DA:34,1
DA:36,1
DA:37,0
DA:39,1
DA:41,1
DA:42,0
DA:50,1
DA:59,1
DA:67,8
DA:68,6
DA:74,6
DA:75,0
DA:83,0
DA:91,8
DA:92,3
DA:93,2
DA:94,1
DA:102,8
DA:106,0
DA:107,0
DA:109,0
DA:110,0
DA:113,0
DA:114,0
DA:115,0
DA:117,0
DA:118,0
DA:119,0
DA:122,0
DA:125,0
DA:126,0
DA:128,0
DA:129,0
DA:131,0
DA:139,8
DA:140,0
DA:141,0
DA:143,0
DA:149,0
DA:150,0
DA:151,0
DA:152,0
DA:153,0
DA:154,0
DA:156,0
DA:162,0
DA:163,0
DA:167,0
DA:169,0
DA:170,0
DA:172,0
DA:180,8
DA:181,0
DA:183,0
DA:184,0
DA:187,0
DA:195,0
LF:65
LH:24
BRDA:18,0,0,2
BRDA:18,0,1,0
BRDA:36,1,0,0
BRDA:41,2,0,0
BRDA:41,2,1,1
BRDA:46,3,0,0
BRDA:46,3,1,0
BRDA:54,4,0,1
BRDA:54,4,1,0
BRDA:80,5,0,0
BRDA:80,5,1,0
BRDA:93,6,0,1
BRDA:109,7,0,0
BRDA:113,8,0,0
BRDA:113,8,1,0
BRDA:117,9,0,0
BRDA:117,9,1,0
BRDA:128,10,0,0
BRDA:128,10,1,0
BRDA:151,11,0,0
BRDA:151,11,1,0
BRDA:151,12,0,0
BRDA:151,12,1,0
BRDA:153,13,0,0
BRDA:153,14,0,0
BRDA:153,14,1,0
BRDA:153,15,0,0
BRDA:153,15,1,0
BRDA:154,16,0,0
BRDA:154,16,1,0
BRDA:154,17,0,0
BRDA:154,17,1,0
BRDA:162,18,0,0
BRDA:169,19,0,0
BRDA:169,19,1,0
BRDA:183,20,0,0
BRDA:183,21,0,0
BRDA:183,21,1,0
BRDA:191,22,0,0
BRDA:191,22,1,0
BRF:40
BRH:4
end_of_record
TN:
SF:src\services\TeamService.ts
FN:10,createTeam
FN:39,(anonymous_15)
FN:52,(anonymous_16)
FN:54,(anonymous_17)
FN:68,deleteTeam
FN:77,getPlayerInTeam
FN:83,(anonymous_22)
FN:94,updateTeam
FN:118,updateTeamPOIs
FN:127,(anonymous_27)
FN:128,(anonymous_28)
FN:134,(anonymous_29)
FN:144,updateTeamPoiPoints
FN:178,updateDeletePlayerInTeam
FN:188,(anonymous_34)
FN:191,(anonymous_35)
FN:208,getTeamsByQACode
FN:220,getTeam
FN:228,(anonymous_40)
FN:230,(anonymous_41)
FN:237,getTeamByPlayerId
FN:249,(anonymous_44)
FN:251,(anonymous_45)
FNF:23
FNH:0
FNDA:0,createTeam
FNDA:0,(anonymous_15)
FNDA:0,(anonymous_16)
FNDA:0,(anonymous_17)
FNDA:0,deleteTeam
FNDA:0,getPlayerInTeam
FNDA:0,(anonymous_22)
FNDA:0,updateTeam
FNDA:0,updateTeamPOIs
FNDA:0,(anonymous_27)
FNDA:0,(anonymous_28)
FNDA:0,(anonymous_29)
FNDA:0,updateTeamPoiPoints
FNDA:0,updateDeletePlayerInTeam
FNDA:0,(anonymous_34)
FNDA:0,(anonymous_35)
FNDA:0,getTeamsByQACode
FNDA:0,getTeam
FNDA:0,(anonymous_40)
FNDA:0,(anonymous_41)
FNDA:0,getTeamByPlayerId
FNDA:0,(anonymous_44)
FNDA:0,(anonymous_45)
DA:1,7
DA:2,7
DA:5,7
DA:6,7
DA:10,7
DA:11,0
DA:13,0
DA:14,0
DA:15,0
DA:17,0
DA:18,0
DA:19,0
DA:20,0
DA:21,0
DA:22,0
DA:26,0
DA:27,0
DA:28,0
DA:29,0
DA:30,0
DA:32,0
DA:37,0
DA:39,0
DA:46,0
DA:49,0
DA:52,0
DA:54,0
DA:60,0
DA:61,0
DA:68,7
DA:69,0
DA:70,0
DA:71,0
DA:77,7
DA:78,0
DA:79,0
DA:80,0
DA:81,0
DA:83,0
DA:85,0
DA:94,7
DA:95,0
DA:97,0
DA:99,0
DA:100,0
DA:103,0
DA:105,0
DA:106,0
DA:108,0
DA:111,0
DA:118,7
DA:119,0
DA:120,0
DA:122,0
DA:123,0
DA:127,0
DA:128,0
DA:131,0
DA:134,0
DA:136,0
DA:138,0
DA:140,0
DA:144,7
DA:148,0
DA:149,0
DA:151,0
DA:152,0
DA:156,0
DA:157,0
DA:160,0
DA:163,0
DA:166,0
DA:168,0
DA:170,0
DA:178,7
DA:179,0
DA:180,0
DA:182,0
DA:183,0
DA:187,0
DA:188,0
DA:190,0
DA:191,0
DA:192,0
DA:195,0
DA:198,0
DA:200,0
DA:203,0
DA:208,7
DA:209,0
DA:210,0
DA:211,0
DA:214,0
DA:215,0
DA:220,7
DA:221,0
DA:222,0
DA:223,0
DA:225,0
DA:228,0
DA:230,0
DA:237,7
DA:239,0
DA:241,0
DA:242,0
DA:243,0
DA:246,0
DA:249,0
DA:251,0
LF:109
LH:14
BRDA:17,0,0,0
BRDA:17,0,1,0
BRDA:19,1,0,0
BRDA:21,2,0,0
BRDA:21,2,1,0
BRDA:27,3,0,0
BRDA:27,3,1,0
BRDA:27,4,0,0
BRDA:27,4,1,0
BRDA:70,5,0,0
BRDA:80,6,0,0
BRDA:99,7,0,0
BRDA:122,8,0,0
BRDA:151,9,0,0
BRDA:182,10,0,0
BRDA:187,11,0,0
BRDA:187,11,1,0
BRDA:190,12,0,0
BRDA:190,12,1,0
BRDA:191,13,0,0
BRDA:222,14,0,0
BRDA:242,15,0,0
BRF:22
BRH:0
end_of_record
TN:
SF:src\services\UserService.ts
FN:11,createUser
FN:44,(anonymous_10)
FN:79,deleteUser
FN:86,getUserById
FN:110,getUserByName
FN:133,verifyEmail
FNF:6
FNH:4
FNDA:7,createUser
FNDA:2,(anonymous_10)
FNDA:2,deleteUser
FNDA:1,getUserById
FNDA:0,getUserByName
FNDA:0,verifyEmail
DA:2,8
DA:4,8
DA:5,8
DA:11,8
DA:12,7
DA:13,7
DA:14,7
DA:15,0
DA:19,7
DA:21,7
DA:30,7
DA:33,2
DA:44,2
DA:45,2
DA:46,0
DA:48,2
DA:52,2
DA:53,2
DA:54,2
DA:64,0
DA:66,0
DA:72,7
DA:79,8
DA:80,2
DA:81,2
DA:86,8
DA:87,1
DA:88,1
DA:90,1
DA:91,0
DA:94,1
DA:101,0
DA:110,8
DA:111,0
DA:112,0
DA:114,0
DA:115,0
DA:118,0
DA:125,0
DA:133,8
DA:134,0
DA:136,0
DA:138,0
DA:139,0
DA:143,0
DA:144,0
DA:148,0
DA:149,0
DA:150,0
DA:151,0
DA:153,0
DA:155,0
DA:156,0
LF:53
LH:28
BRDA:14,0,0,0
BRDA:45,1,0,0
BRDA:45,1,1,2
BRDA:52,2,0,2
BRDA:52,2,1,2
BRDA:90,3,0,0
BRDA:114,4,0,0
BRDA:138,5,0,0
BRDA:143,6,0,0
BRDA:143,7,0,0
BRDA:143,7,1,0
BRF:11
BRH:3
end_of_record
TN:
SF:src\services\dist\POIService.js
FN:2,(anonymous_0)
FN:3,adopt
FN:3,(anonymous_2)
FN:4,(anonymous_3)
FN:5,fulfilled
FN:6,rejected
FN:7,step
FN:11,(anonymous_7)
FN:12,(anonymous_8)
FN:13,(anonymous_9)
FN:14,verb
FN:14,(anonymous_11)
FN:15,step
FN:45,createPOI
FN:46,(anonymous_14)
FN:48,(anonymous_15)
FN:77,deletePOI
FN:78,(anonymous_17)
FN:80,(anonymous_18)
FN:94,getPOIById
FN:95,(anonymous_20)
FN:97,(anonymous_21)
FN:119,getPOIByIdandTeam
FN:120,(anonymous_23)
FN:122,(anonymous_24)
FN:136,(anonymous_25)
FN:153,getAllPOIs
FN:154,(anonymous_27)
FN:156,(anonymous_28)
FN:161,(anonymous_29)
FN:174,calculatePoints
FNF:31
FNH:0
FNDA:0,(anonymous_0)
FNDA:0,adopt
FNDA:0,(anonymous_2)
FNDA:0,(anonymous_3)
FNDA:0,fulfilled
FNDA:0,rejected
FNDA:0,step
FNDA:0,(anonymous_7)
FNDA:0,(anonymous_8)
FNDA:0,(anonymous_9)
FNDA:0,verb
FNDA:0,(anonymous_11)
FNDA:0,step
FNDA:0,createPOI
FNDA:0,(anonymous_14)
FNDA:0,(anonymous_15)
FNDA:0,deletePOI
FNDA:0,(anonymous_17)
FNDA:0,(anonymous_18)
FNDA:0,getPOIById
FNDA:0,(anonymous_20)
FNDA:0,(anonymous_21)
FNDA:0,getPOIByIdandTeam
FNDA:0,(anonymous_23)
FNDA:0,(anonymous_24)
FNDA:0,(anonymous_25)
FNDA:0,getAllPOIs
FNDA:0,(anonymous_27)
FNDA:0,(anonymous_28)
FNDA:0,(anonymous_29)
FNDA:0,calculatePoints
DA:2,0
DA:3,0
DA:4,0
DA:5,0
DA:6,0
DA:7,0
DA:8,0
DA:11,0
DA:12,0
DA:13,0
DA:14,0
DA:16,0
DA:17,0
DA:18,0
DA:19,0
DA:20,0
DA:21,0
DA:22,0
DA:23,0
DA:24,0
DA:26,0
DA:27,0
DA:28,0
DA:29,0
DA:30,0
DA:31,0
DA:33,0
DA:34,0
DA:35,0
DA:38,0
DA:39,0
DA:40,0
DA:41,0
DA:46,0
DA:48,0
DA:49,0
DA:51,0
DA:58,0
DA:60,0
DA:61,0
DA:73,0
DA:78,0
DA:80,0
DA:81,0
DA:82,0
DA:84,0
DA:85,0
DA:86,0
DA:88,0
DA:93,0
DA:95,0
DA:97,0
DA:98,0
DA:99,0
DA:101,0
DA:102,0
DA:103,0
DA:105,0
DA:117,0
DA:120,0
DA:122,0
DA:123,0
DA:124,0
DA:126,0
DA:127,0
DA:128,0
DA:130,0
DA:132,0
DA:133,0
DA:134,0
DA:136,0
DA:137,0
DA:138,0
DA:139,0
DA:140,0
DA:152,0
DA:154,0
DA:156,0
DA:157,0
DA:158,0
DA:160,0
DA:161,0
DA:173,0
DA:175,0
DA:176,0
DA:178,0
DA:179,0
DA:180,0
DA:181,0
LF:89
LH:0
BRDA:2,0,0,0
BRDA:2,0,1,0
BRDA:2,0,2,0
BRDA:3,1,0,0
BRDA:3,1,1,0
BRDA:4,2,0,0
BRDA:4,2,1,0
BRDA:7,3,0,0
BRDA:7,3,1,0
BRDA:8,4,0,0
BRDA:8,4,1,0
BRDA:11,5,0,0
BRDA:11,5,1,0
BRDA:11,5,2,0
BRDA:12,6,0,0
BRDA:12,6,1,0
BRDA:13,7,0,0
BRDA:13,7,1,0
BRDA:16,8,0,0
BRDA:16,8,1,0
BRDA:18,9,0,0
BRDA:18,9,1,0
BRDA:18,10,0,0
BRDA:18,10,1,0
BRDA:18,10,2,0
BRDA:18,11,0,0
BRDA:18,11,1,0
BRDA:18,12,0,0
BRDA:18,12,1,0
BRDA:18,13,0,0
BRDA:18,13,1,0
BRDA:18,14,0,0
BRDA:18,14,1,0
BRDA:19,15,0,0
BRDA:19,15,1,0
BRDA:20,16,0,0
BRDA:20,16,1,0
BRDA:20,16,2,0
BRDA:20,16,3,0
BRDA:20,16,4,0
BRDA:20,16,5,0
BRDA:26,17,0,0
BRDA:26,17,1,0
BRDA:26,18,0,0
BRDA:26,18,1,0
BRDA:26,18,2,0
BRDA:26,19,0,0
BRDA:26,19,1,0
BRDA:27,20,0,0
BRDA:27,20,1,0
BRDA:27,21,0,0
BRDA:27,21,1,0
BRDA:27,21,2,0
BRDA:27,21,3,0
BRDA:28,22,0,0
BRDA:28,22,1,0
BRDA:28,23,0,0
BRDA:28,23,1,0
BRDA:29,24,0,0
BRDA:29,24,1,0
BRDA:29,25,0,0
BRDA:29,25,1,0
BRDA:30,26,0,0
BRDA:30,26,1,0
BRDA:35,27,0,0
BRDA:35,27,1,0
BRDA:35,28,0,0
BRDA:35,28,1,0
BRDA:49,29,0,0
BRDA:49,29,1,0
BRDA:81,30,0,0
BRDA:81,30,1,0
BRDA:85,31,0,0
BRDA:85,31,1,0
BRDA:98,32,0,0
BRDA:98,32,1,0
BRDA:102,33,0,0
BRDA:102,33,1,0
BRDA:123,34,0,0
BRDA:123,34,1,0
BRDA:123,34,2,0
BRDA:127,35,0,0
BRDA:127,35,1,0
BRDA:133,36,0,0
BRDA:133,36,1,0
BRDA:157,37,0,0
BRDA:157,37,1,0
BRDA:175,38,0,0
BRDA:175,38,1,0
BRF:89
BRH:0
end_of_record
TN:
SF:src\services\dist\TeamService.js
FN:2,(anonymous_0)
FN:3,adopt
FN:3,(anonymous_2)
FN:4,(anonymous_3)
FN:5,fulfilled
FN:6,rejected
FN:7,step
FN:11,(anonymous_7)
FN:12,(anonymous_8)
FN:13,(anonymous_9)
FN:14,verb
FN:14,(anonymous_11)
FN:15,step
FN:38,(anonymous_13)
FN:54,createTeam
FN:55,(anonymous_15)
FN:57,(anonymous_16)
FN:89,(anonymous_17)
FN:101,(anonymous_18)
FN:103,(anonymous_19)
FN:121,deleteTeam
FN:122,(anonymous_21)
FN:124,(anonymous_22)
FN:141,getPlayerInTeam
FN:142,(anonymous_24)
FN:144,(anonymous_25)
FN:154,(anonymous_26)
FN:167,updateTeam
FN:168,(anonymous_28)
FN:170,(anonymous_29)
FN:198,updateTeamPOIs
FN:199,(anonymous_31)
FN:201,(anonymous_32)
FN:211,(anonymous_33)
FN:212,(anonymous_34)
FN:215,(anonymous_35)
FN:229,updateTeamPoiPoints
FN:230,(anonymous_37)
FN:232,(anonymous_38)
FN:260,updateDeletePlayerInTeam
FN:261,(anonymous_40)
FN:263,(anonymous_41)
FN:275,(anonymous_42)
FN:278,(anonymous_43)
FN:298,getTeamsByQACode
FN:299,(anonymous_45)
FN:301,(anonymous_46)
FN:319,getTeam
FN:320,(anonymous_48)
FN:322,(anonymous_49)
FN:333,(anonymous_50)
FN:335,(anonymous_51)
FN:345,getTeamByPlayerId
FN:346,(anonymous_53)
FN:348,(anonymous_54)
FN:361,(anonymous_55)
FN:363,(anonymous_56)
FNF:57
FNH:0
FNDA:0,(anonymous_0)
FNDA:0,adopt
FNDA:0,(anonymous_2)
FNDA:0,(anonymous_3)
FNDA:0,fulfilled
FNDA:0,rejected
FNDA:0,step
FNDA:0,(anonymous_7)
FNDA:0,(anonymous_8)
FNDA:0,(anonymous_9)
FNDA:0,verb
FNDA:0,(anonymous_11)
FNDA:0,step
FNDA:0,(anonymous_13)
FNDA:0,createTeam
FNDA:0,(anonymous_15)
FNDA:0,(anonymous_16)
FNDA:0,(anonymous_17)
FNDA:0,(anonymous_18)
FNDA:0,(anonymous_19)
FNDA:0,deleteTeam
FNDA:0,(anonymous_21)
FNDA:0,(anonymous_22)
FNDA:0,getPlayerInTeam
FNDA:0,(anonymous_24)
FNDA:0,(anonymous_25)
FNDA:0,(anonymous_26)
FNDA:0,updateTeam
FNDA:0,(anonymous_28)
FNDA:0,(anonymous_29)
FNDA:0,updateTeamPOIs
FNDA:0,(anonymous_31)
FNDA:0,(anonymous_32)
FNDA:0,(anonymous_33)
FNDA:0,(anonymous_34)
FNDA:0,(anonymous_35)
FNDA:0,updateTeamPoiPoints
FNDA:0,(anonymous_37)
FNDA:0,(anonymous_38)
FNDA:0,updateDeletePlayerInTeam
FNDA:0,(anonymous_40)
FNDA:0,(anonymous_41)
FNDA:0,(anonymous_42)
FNDA:0,(anonymous_43)
FNDA:0,getTeamsByQACode
FNDA:0,(anonymous_45)
FNDA:0,(anonymous_46)
FNDA:0,getTeam
FNDA:0,(anonymous_48)
FNDA:0,(anonymous_49)
FNDA:0,(anonymous_50)
FNDA:0,(anonymous_51)
FNDA:0,getTeamByPlayerId
FNDA:0,(anonymous_53)
FNDA:0,(anonymous_54)
FNDA:0,(anonymous_55)
FNDA:0,(anonymous_56)
DA:2,0
DA:3,0
DA:4,0
DA:5,0
DA:6,0
DA:7,0
DA:8,0
DA:11,0
DA:12,0
DA:13,0
DA:14,0
DA:16,0
DA:17,0
DA:18,0
DA:19,0
DA:20,0
DA:21,0
DA:22,0
DA:23,0
DA:24,0
DA:26,0
DA:27,0
DA:28,0
DA:29,0
DA:30,0
DA:31,0
DA:33,0
DA:34,0
DA:35,0
DA:38,0
DA:39,0
DA:40,0
DA:41,0
DA:42,0
DA:43,0
DA:45,0
DA:46,0
DA:47,0
DA:48,0
DA:49,0
DA:50,0
DA:55,0
DA:57,0
DA:58,0
DA:60,0
DA:61,0
DA:62,0
DA:63,0
DA:64,0
DA:65,0
DA:67,0
DA:68,0
DA:69,0
DA:70,0
DA:71,0
DA:73,0
DA:74,0
DA:76,0
DA:77,0
DA:78,0
DA:79,0
DA:80,0
DA:83,0
DA:85,0
DA:87,0
DA:89,0
DA:94,0
DA:96,0
DA:98,0
DA:101,0
DA:103,0
DA:109,0
DA:110,0
DA:111,0
DA:112,0
DA:117,0
DA:122,0
DA:124,0
DA:125,0
DA:126,0
DA:128,0
DA:129,0
DA:130,0
DA:132,0
DA:137,0
DA:142,0
DA:144,0
DA:145,0
DA:147,0
DA:148,0
DA:150,0
DA:151,0
DA:152,0
DA:154,0
DA:156,0
DA:157,0
DA:158,0
DA:163,0
DA:168,0
DA:170,0
DA:171,0
DA:173,0
DA:174,0
DA:176,0
DA:177,0
DA:178,0
DA:180,0
DA:181,0
DA:182,0
DA:184,0
DA:185,0
DA:187,0
DA:188,0
DA:189,0
DA:194,0
DA:199,0
DA:201,0
DA:202,0
DA:204,0
DA:205,0
DA:207,0
DA:208,0
DA:209,0
DA:211,0
DA:212,0
DA:213,0
DA:215,0
DA:216,0
DA:218,0
DA:219,0
DA:221,0
DA:222,0
DA:223,0
DA:228,0
DA:230,0
DA:232,0
DA:233,0
DA:235,0
DA:236,0
DA:238,0
DA:239,0
DA:240,0
DA:242,0
DA:243,0
DA:244,0
DA:246,0
DA:247,0
DA:249,0
DA:250,0
DA:252,0
DA:253,0
DA:254,0
DA:259,0
DA:261,0
DA:263,0
DA:264,0
DA:266,0
DA:267,0
DA:269,0
DA:270,0
DA:271,0
DA:274,0
DA:275,0
DA:277,0
DA:278,0
DA:279,0
DA:283,0
DA:285,0
DA:287,0
DA:288,0
DA:290,0
DA:291,0
DA:292,0
DA:297,0
DA:299,0
DA:301,0
DA:302,0
DA:304,0
DA:305,0
DA:307,0
DA:308,0
DA:310,0
DA:311,0
DA:312,0
DA:313,0
DA:318,0
DA:320,0
DA:322,0
DA:323,0
DA:324,0
DA:326,0
DA:327,0
DA:328,0
DA:330,0
DA:333,0
DA:335,0
DA:344,0
DA:346,0
DA:348,0
DA:349,0
DA:351,0
DA:352,0
DA:354,0
DA:355,0
DA:356,0
DA:358,0
DA:361,0
DA:363,0
DA:372,0
LF:209
LH:0
BRDA:2,0,0,0
BRDA:2,0,1,0
BRDA:2,0,2,0
BRDA:3,1,0,0
BRDA:3,1,1,0
BRDA:4,2,0,0
BRDA:4,2,1,0
BRDA:7,3,0,0
BRDA:7,3,1,0
BRDA:8,4,0,0
BRDA:8,4,1,0
BRDA:11,5,0,0
BRDA:11,5,1,0
BRDA:11,5,2,0
BRDA:12,6,0,0
BRDA:12,6,1,0
BRDA:13,7,0,0
BRDA:13,7,1,0
BRDA:16,8,0,0
BRDA:16,8,1,0
BRDA:18,9,0,0
BRDA:18,9,1,0
BRDA:18,10,0,0
BRDA:18,10,1,0
BRDA:18,10,2,0
BRDA:18,11,0,0
BRDA:18,11,1,0
BRDA:18,12,0,0
BRDA:18,12,1,0
BRDA:18,13,0,0
BRDA:18,13,1,0
BRDA:18,14,0,0
BRDA:18,14,1,0
BRDA:19,15,0,0
BRDA:19,15,1,0
BRDA:20,16,0,0
BRDA:20,16,1,0
BRDA:20,16,2,0
BRDA:20,16,3,0
BRDA:20,16,4,0
BRDA:20,16,5,0
BRDA:26,17,0,0
BRDA:26,17,1,0
BRDA:26,18,0,0
BRDA:26,18,1,0
BRDA:26,18,2,0
BRDA:26,19,0,0
BRDA:26,19,1,0
BRDA:27,20,0,0
BRDA:27,20,1,0
BRDA:27,21,0,0
BRDA:27,21,1,0
BRDA:27,21,2,0
BRDA:27,21,3,0
BRDA:28,22,0,0
BRDA:28,22,1,0
BRDA:28,23,0,0
BRDA:28,23,1,0
BRDA:29,24,0,0
BRDA:29,24,1,0
BRDA:29,25,0,0
BRDA:29,25,1,0
BRDA:30,26,0,0
BRDA:30,26,1,0
BRDA:35,27,0,0
BRDA:35,27,1,0
BRDA:35,28,0,0
BRDA:35,28,1,0
BRDA:38,29,0,0
BRDA:38,29,1,0
BRDA:38,29,2,0
BRDA:58,30,0,0
BRDA:58,30,1,0
BRDA:58,30,2,0
BRDA:58,30,3,0
BRDA:58,30,4,0
BRDA:58,30,5,0
BRDA:58,30,6,0
BRDA:58,30,7,0
BRDA:64,31,0,0
BRDA:64,31,1,0
BRDA:68,32,0,0
BRDA:68,32,1,0
BRDA:70,33,0,0
BRDA:70,33,1,0
BRDA:77,34,0,0
BRDA:77,34,1,0
BRDA:77,35,0,0
BRDA:77,35,1,0
BRDA:125,36,0,0
BRDA:125,36,1,0
BRDA:129,37,0,0
BRDA:129,37,1,0
BRDA:145,38,0,0
BRDA:145,38,1,0
BRDA:145,38,2,0
BRDA:145,38,3,0
BRDA:151,39,0,0
BRDA:151,39,1,0
BRDA:171,40,0,0
BRDA:171,40,1,0
BRDA:171,40,2,0
BRDA:171,40,3,0
BRDA:171,40,4,0
BRDA:177,41,0,0
BRDA:177,41,1,0
BRDA:202,42,0,0
BRDA:202,42,1,0
BRDA:202,42,2,0
BRDA:202,42,3,0
BRDA:202,42,4,0
BRDA:208,43,0,0
BRDA:208,43,1,0
BRDA:233,44,0,0
BRDA:233,44,1,0
BRDA:233,44,2,0
BRDA:233,44,3,0
BRDA:233,44,4,0
BRDA:239,45,0,0
BRDA:239,45,1,0
BRDA:264,46,0,0
BRDA:264,46,1,0
BRDA:264,46,2,0
BRDA:264,46,3,0
BRDA:264,46,4,0
BRDA:270,47,0,0
BRDA:270,47,1,0
BRDA:274,48,0,0
BRDA:274,48,1,0
BRDA:277,49,0,0
BRDA:277,49,1,0
BRDA:278,50,0,0
BRDA:278,50,1,0
BRDA:302,51,0,0
BRDA:302,51,1,0
BRDA:302,51,2,0
BRDA:302,51,3,0
BRDA:323,52,0,0
BRDA:323,52,1,0
BRDA:327,53,0,0
BRDA:327,53,1,0
BRDA:349,54,0,0
BRDA:349,54,1,0
BRDA:355,55,0,0
BRDA:355,55,1,0
BRF:145
BRH:0
end_of_record
TN:
SF:src\utils\Qacodegenerate.ts
FN:4,generateQAcode
FN:23,generateUniqueCode
FNF:2
FNH:0
FNDA:0,generateQAcode
FNDA:0,generateUniqueCode
DA:1,7
DA:4,7
DA:6,0
DA:7,0
DA:8,0
DA:10,0
DA:12,0
DA:14,0
DA:17,0
DA:18,0
DA:23,7
DA:24,0
DA:25,0
DA:26,0
DA:27,0
DA:29,0
LF:16
LH:3
BRF:0
BRH:0
end_of_record
